
sub_block0


0.000505   0.00024568444786498417 ;  0.05 240 1.01   
0.0005100500000000001   0.0002456419191044564 ;  0.05005 180 1.01   
0.0005151505000000001   0.00024559898288741184 ;  0.05010004999999999 180 1.01   
0.0005203020050000001   0.0002455556354712695 ;  0.05015015004999999 180 1.01   
0.0005255050250500002   0.0002455118730984624 ;  0.05020030020004998 180 1.01   
0.0005307600753005001   0.000245467691980647 ;  0.050250500500250025 180 1.01   
0.0005360676760535052   0.0002454230882985041 ;  0.05030075100075027 180 1.01   
0.0005414283528140402   0.000245378058201603 ;  0.050351051751751016 180 1.01   
0.0005468426363421806   0.00024533259780821283 ;  0.05040140280350276 180 1.01   
0.0005523110627056024   0.0002452867032051051 ;  0.05045180420630626 180 1.01   
0.0005578341733326584   0.0002452403704473908 ;  0.05050225601051256 180 1.01   
0.000563412515065985   0.00024519359555834786 ;  0.050552758266523064 180 1.01   
0.0005690466402166448   0.00024514637452923875 ;  0.05060331102478958 180 1.01   
0.0005747371066188113   0.000245098703319161 ;  0.050653914335814364 180 1.01   
0.0005804844776849994   0.00024505057785474666 ;  0.05070456825015017 180 1.01   
0.0005862893224618495   0.00024500199403020733 ;  0.05075527281840032 180 1.01   
0.000592152215686468   0.0002449529477069638 ;  0.05080602809121871 180 1.01   
0.0005980737378433327   0.00024490343471357507 ;  0.05085683411930992 180 1.01   
0.000604054475221766   0.00024485345084558874 ;  0.05090769095342922 180 1.01   
0.0006100950199739837   0.0002448029918652058 ;  0.050958598644382645 180 1.01   
0.0006161959701737235   0.0002447520535013776 ;  0.05100955724302702 180 1.01   
0.0006223579298754607   0.0002447006314493349 ;  0.05106056680027004 180 1.01   
0.0006285815091742154   0.00024464872137074225 ;  0.051111627367070304 180 1.01   
0.0006348673242659575   0.0002445963188932978 ;  0.05116273899443737 180 1.01   
0.0006412159975086171   0.00024454341961058 ;  0.0512139017334318 180 1.01   
0.0006476281574837033   0.0002444900190820156 ;  0.051265115635165226 180 1.01   
0.0006541044390585404   0.00024443611283265126 ;  0.05131638075080039 180 1.01   
0.0006606454834491257   0.00024438169635297675 ;  0.051367697131551183 180 1.01   
0.000667251938283617   0.00024432676509882284 ;  0.05141906482868273 180 1.01   
0.0006739244576664532   0.0002442713144910918 ;  0.0514704838935114 180 1.01   
0.0006806637022431178   0.0002442153399157015 ;  0.05152195437740491 180 1.01   
0.000687470339265549   0.00024415883672346364 ;  0.05157347633178231 180 1.01   
0.0006943450426582044   0.00024410180022982423 ;  0.05162504980811409 180 1.01   
0.0007012884930847864   0.00024404422571483306 ;  0.0516766748579222 180 1.01   
0.0007083013780156343   0.00024398610842285226 ;  0.05172835153278011 180 1.01   
0.0007153843917957906   0.00024392744356257327 ;  0.051780079884312886 180 1.01   
0.0007225382357137485   0.00024386822630668547 ;  0.051831859964197195 180 1.01   
0.0007297636180708861   0.00024380845179203283 ;  0.05188369182416139 180 1.01   
0.0007370612542515949   0.00024374811511913418 ;  0.051935575515985544 180 1.01   
0.0007444318667941109   0.00024368721135227913 ;  0.05198751109150152 180 1.01   
0.000751876185462052   0.000243625735519261 ;  0.05203949860259302 180 1.01   
0.0007593949473166725   0.00024356368261142867 ;  0.05209153810119561 180 1.01   
0.0007669888967898392   0.00024350104758333628 ;  0.0521436296392968 180 1.01   
0.0007746587857577376   0.0002434378253527872 ;  0.05219577326893609 180 1.01   
0.000782405373615315   0.00024337401080057916 ;  0.05224796904220502 180 1.01   
0.0007902294273514682   0.0002433095987705089 ;  0.05230021701124722 180 1.01   
0.0007981317216249829   0.00024324458406925034 ;  0.05235251722825846 180 1.01   
0.0008061130388412327   0.00024317896146611637 ;  0.052404869745486714 180 1.01   
0.000814174169229645   0.00024311272569304632 ;  0.0524572746152322 180 1.01   
0.0008223159109219415   0.00024304587144455926 ;  0.05250973188984742 180 1.01   
0.0008305390700311609   0.0002429783933775339 ;  0.05256224162173726 180 1.01   
0.0008388444607314726   0.00024291028611106866 ;  0.05261480386335899 180 1.01   
0.0008472329053387873   0.0002428415442266889 ;  0.05266741866722234 180 1.01   
0.0008557052343921752   0.00024277216226783408 ;  0.05272008608588956 180 1.01   
0.000864262286736097   0.00024270213474006228 ;  0.05277280617197544 180 1.01   
0.000872904909603458   0.00024263145611095563 ;  0.05282557897814741 180 1.01   
0.0008816339586994926   0.00024256012080982868 ;  0.05287840455712555 180 1.01   
0.0008904502982864875   0.00024248812322790326 ;  0.052931282961682674 180 1.01   
0.0008993548012693524   0.00024241545771814692 ;  0.05298421424464435 180 1.01   
0.0009083483492820459   0.00024234211859507193 ;  0.05303719845888899 180 1.01   
0.0009174318327748663   0.00024226810013494072 ;  0.05309023565734787 180 1.01   
0.000926606151102615   0.00024219339657544832 ;  0.05314332589300521 180 1.01   
0.0009358722126136411   0.0002421180021159159 ;  0.05319646921889821 180 1.01   
0.0009452309347397776   0.00024204191091695856 ;  0.0532496656881171 180 1.01   
0.0009546832440871754   0.00024196511710071868 ;  0.053302915353805214 180 1.01   
0.0009642300765280472   0.00024188761475065553 ;  0.05335621826915901 180 1.01   
0.0009738723772933276   0.00024180939791159048 ;  0.05340957448742816 180 1.01   
0.000983611101066261   0.00024173046058966838 ;  0.05346298406191558 180 1.01   
0.0009934472120769235   0.0002416507967523195 ;  0.053516447045977494 180 1.01   
0.0010033816841976927   0.00024157040032824856 ;  0.05356996349302347 180 1.01   
0.0010134155010396695   0.00024148926520748494 ;  0.053623533456516485 180 1.01   
0.0010235496560500662   0.00024140738524124135 ;  0.053677156989972996 180 1.01   
0.001033785152610567   0.00024132475424209037 ;  0.05373083414696296 180 1.01   
0.0010441230041366727   0.0002412413659838258 ;  0.053784564981109916 180 1.01   
0.0010545642341780394   0.00024115721420159056 ;  0.05383834954609102 180 1.01   
0.00106510987651982   0.00024107229259182522 ;  0.05389218789563711 180 1.01   
0.0010757609752850182   0.00024098659481234966 ;  0.05394608008353274 180 1.01   
0.0010865185850378683   0.0002409001144823513 ;  0.054000026163616266 180 1.01   
0.001097383770888247   0.00024081284518244757 ;  0.05405402618977988 180 1.01   
0.0011083576085971296   0.00024072478045479692 ;  0.054108080215969655 180 1.01   
0.001119441184683101   0.0002406359138029975 ;  0.05416218829618562 180 1.01   
0.001130635596529932   0.00024054623869236441 ;  0.0542163504844818 180 1.01   
0.0011419419524952314   0.00024045574854982406 ;  0.054270566834966276 180 1.01   
0.0011533613720201836   0.00024036443676412998 ;  0.05432483740180124 180 1.01   
0.0011648949857403855   0.00024027229668581107 ;  0.054379162239203034 180 1.01   
0.0011765439355977893   0.00024017932162739074 ;  0.05443354140144223 180 1.01   
0.0011883093749537673   0.00024008550486346534 ;  0.054487974942843666 180 1.01   
0.001200192468703305   0.00023999083963076076 ;  0.054542462917786506 180 1.01   
0.001212194393390338   0.00023989531912830669 ;  0.054597005380704285 180 1.01   
0.0012243163373242415   0.00023979893651755204 ;  0.054651602386084984 180 1.01   
0.0012365595006974838   0.0002397016849225225 ;  0.054706253988471065 180 1.01   
0.0012489250957044586   0.00023960355742997212 ;  0.05476096024245953 180 1.01   
0.001261414346661503   0.0002395045470894639 ;  0.054815721202701985 180 1.01   
0.0012740284901281182   0.00023940464691369275 ;  0.05487053692390468 180 1.01   
0.0012867687750293994   0.000239303849878492 ;  0.05492540746082858 180 1.01   
0.0012996364627796933   0.0002392021489231189 ;  0.0549803328682894 180 1.01   
0.0013126328274074902   0.00023909953695049502 ;  0.05503531320115768 180 1.01   
0.001325759155681565   0.0002389960068272394 ;  0.05509034851435884 180 1.01   
0.0013390167472383807   0.00023889155138411987 ;  0.05514543886287319 180 1.01   
0.0013524069147107646   0.00023878616341613897 ;  0.05520058430173606 180 1.01   
0.0013659309838578724   0.0002386798356827362 ;  0.05525578488603779 180 1.01   
0.001379590293696451   0.00023857256090814677 ;  0.055311040670923815 180 1.01   
0.0013933861966334156   0.0002384643317816722 ;  0.055366351711594736 180 1.01   
0.0014073200585997497   0.00023835514095782318 ;  0.05542171806330633 180 1.01   
0.0014213932591857473   0.00023824498105676494 ;  0.05547713978136963 180 1.01   
0.0014356071917776048   0.0002381338446644025 ;  0.055532616921150996 180 1.01   
0.001449963263695381   0.00023802172433305116 ;  0.05558814953807214 180 1.01   
0.0014644628963323347   0.00023790861258133922 ;  0.055643737687610204 180 1.01   
0.001479107525295658   0.00023779450189477698 ;  0.05569938142529781 180 1.01   
0.0014938986005486145   0.0002376793847261369 ;  0.055755080806723104 180 1.01   
0.0015088375865541007   0.00023756325349569857 ;  0.055810835887529824 180 1.01   
0.0015239259624196418   0.00023744610059160535 ;  0.055866646723417346 180 1.01   
0.0015391652220438383   0.0002373279183704212 ;  0.05592251337014076 180 1.01   
0.0015545568742642768   0.00023720869915738082 ;  0.055978435883510896 180 1.01   
0.0015701024430069196   0.0002370884352467556 ;  0.056034414319394404 180 1.01   
0.0015858034674369889   0.00023696711890252163 ;  0.05609044873371379 180 1.01   
0.0016016615021113587   0.0002368447423585523 ;  0.0561465391824475 180 1.01   
0.0016176781171324723   0.00023672129781919293 ;  0.05620268572162994 180 1.01   
0.0016338548983037971   0.00023659677745972198 ;  0.05625888840735156 180 1.01   
0.001650193447286835   0.00023647117342684158 ;  0.056315147295758906 180 1.01   
0.0016666953817597034   0.00023634447783911903 ;  0.05637146244305466 180 1.01   
0.0016833623355773004   0.0002362166827875933 ;  0.05642783390549771 180 1.01   
0.0017001959589330734   0.0002360877803362799 ;  0.0564842617394032 180 1.01   
0.0017171979185224041   0.0002359577625226556 ;  0.056540746001142596 180 1.01   
0.0017343698977076282   0.00023582662135828456 ;  0.05659728674714373 180 1.01   
0.0017517135966847045   0.00023569434882942 ;  0.05665388403389087 180 1.01   
0.0017692307326515515   0.00023556093689754574 ;  0.056710537917924755 180 1.01   
0.001786923039978067   0.00023542637750002257 ;  0.056767248455842675 180 1.01   
0.0018047922703778477   0.0002352906625506504 ;  0.056824015704298514 180 1.01   
0.001822840193081626   0.00023515378394043773 ;  0.0568808397200028 180 1.01   
0.0018410685950124423   0.00023501573353819973 ;  0.0569377205597228 180 1.01   
0.0018594792809625666   0.00023487650319120368 ;  0.056994658280282516 180 1.01   
0.0018780740737721923   0.0002347360847259212 ;  0.05705165293856279 180 1.01   
0.0018968548145099143   0.00023459446994877626 ;  0.05710870459150135 180 1.01   
0.0019158233626550135   0.00023445165064680103 ;  0.05716581329609285 180 1.01   
0.0019349815962815637   0.00023430761858839736 ;  0.057222979109388936 180 1.01   
0.0019543314122443794   0.00023416236552428865 ;  0.057280202088498315 180 1.01   
0.001973874726366823   0.00023401588318797047 ;  0.05733748229058681 180 1.01   
0.001993613473630491   0.0002338681632968484 ;  0.05739481977287739 180 1.01   
0.002013549608366796   0.0002337191975529357 ;  0.05745221459265026 180 1.01   
0.0020336851044504643   0.00023356897764367245 ;  0.0575096668072429 180 1.01   
0.002054021955494969   0.000233417495242854 ;  0.05756717647405014 180 1.01   
0.0020745621750499184   0.00023326474201151493 ;  0.05762474365052418 180 1.01   
0.0020953077968004176   0.00023311070959880162 ;  0.0576823683941747 180 1.01   
0.0021162608747684218   0.00023295539004905506 ;  0.05774005076256886 170 1.01   
0.002137423483516106   0.00023279877417426125 ;  0.057797790813331425 170 1.01   
0.002158797718351267   0.00023264085400391017 ;  0.05785558860414475 170 1.01   
0.0021803856955347795   0.0002324816211492467 ;  0.05791344419274889 170 1.01   
0.0022021895524901272   0.0002323210672145656 ;  0.05797135763694163 170 1.01   
0.0022242114480150285   0.0002321591837982051 ;  0.05802932899457857 170 1.01   
0.0022464535624951787   0.00023199596249360563 ;  0.05808735832357314 170 1.01   
0.0022689180981201305   0.00023183139489039154 ;  0.0581454456818967 170 1.01   
0.0022916072791013316   0.00023166547257554465 ;  0.05820359112757859 170 1.01   
0.002314523351892345   0.0002314981871343777 ;  0.05826179471870616 170 1.01   
0.0023376685854112683   0.00023132953015187006 ;  0.05832005651342486 170 1.01   
0.002361045271265381   0.00023115949321369063 ;  0.05837837656993828 170 1.01   
0.0023846557239780345   0.00023098806790741852 ;  0.05843675494650821 170 1.01   
0.002408502281217815   0.00023081524582390186 ;  0.058495191701454716 170 1.01   
0.002432587304029993   0.0002306410185582986 ;  0.05855368689315616 170 1.01   
0.002456913177070293   0.00023046537771147983 ;  0.05861224058004931 170 1.01   
0.002481482308840996   0.00023028831489119977 ;  0.05867085282062935 170 1.01   
0.002506297131929406   0.00023010982171359784 ;  0.058729523673449975 170 1.01   
0.0025313601032487002   0.00022992988980429437 ;  0.05878825319712342 170 1.01   
0.0025566737042811874   0.00022974851080003174 ;  0.05884704145032054 170 1.01   
0.0025822404413239994   0.00022956567634972326 ;  0.05890588849177086 170 1.01   
0.0026080628457372393   0.00022938137811613963 ;  0.05896479438026262 170 1.01   
0.0026341434741946118   0.00022919560777723044 ;  0.05902375917464288 170 1.01   
0.002660484908936558   0.00022900835702763432 ;  0.05908278293381752 170 1.01   
0.0026870897580259234   0.00022881961758006956 ;  0.05914186571675133 170 1.01   
0.0027139606556061827   0.0002286293811669199 ;  0.059201007582468074 170 1.01   
0.0027411002621622444   0.00022843763954178111 ;  0.05926020859005054 170 1.01   
0.0027685112647838667   0.00022824438448094337 ;  0.059319468798640584 170 1.01   
0.002796196377431705   0.00022804960778505145 ;  0.05937878826743922 170 1.01   
0.0028241583412060224   0.00022785330128066814 ;  0.05943816705570665 170 1.01   
0.002852399924618083   0.00022765545682192298 ;  0.059497605222762345 170 1.01   
0.002880923923864264   0.00022745606629214578 ;  0.0595571028279851 170 1.01   
0.0029097331631029065   0.0002272551216056929 ;  0.059616659930813075 170 1.01   
0.0029388304947339356   0.00022705261470943737 ;  0.059676276590743885 170 1.01   
0.002968218799681275   0.00022684853758463187 ;  0.05973595286733462 170 1.01   
0.0029979009876780877   0.00022664288224868268 ;  0.05979568882020195 170 1.01   
0.003027879997554869   0.0002264356407569544 ;  0.059855484509022144 170 1.01   
0.0030581587975304176   0.00022622680520442893 ;  0.05991533999353116 170 1.01   
0.003088740385505722   0.00022601636772781326 ;  0.059975255333524685 170 1.01   
0.0031196277893607792   0.0002258043205070603 ;  0.0600352305888582 170 1.01   
0.003150824067254387   0.00022559065576769371 ;  0.060095265819447054 170 1.01   
0.003182332307926931   0.00022537536578226506 ;  0.06015536108526649 170 1.01   
0.0032141556310062   0.00022515844287269822 ;  0.06021551644635175 170 1.01   
0.0032462971873162623   0.00022493987941193784 ;  0.0602757319627981 170 1.01   
0.003278760159189425   0.00022471966782617139 ;  0.06033600769476089 170 1.01   
0.003311547760781319   0.0002244978005967569 ;  0.06039634370245565 170 1.01   
0.0033446632383891325   0.00022427427026226388 ;  0.06045674004615809 170 1.01   
0.003378109870773024   0.00022404906942057666 ;  0.06051719678620424 170 1.01   
0.0034118909694807542   0.00022382219073090493 ;  0.06057771398299044 170 1.01   
0.0034460098791755617   0.000223593626916077 ;  0.06063829169697342 170 1.01   
0.0034804699779673173   0.00022336337076454151 ;  0.06069892998867039 170 1.01   
0.0035152746777469906   0.000223131415132516 ;  0.06075962891865905 170 1.01   
0.0035504274245244604   0.00022289775294639155 ;  0.0608203885475777 170 1.01   
0.003585931698769705   0.000222662377204672 ;  0.060881208936125274 170 1.01   
0.003621791015757402   0.00022242528098040024 ;  0.06094209014506139 170 1.01   
0.003658008925914976   0.00022218645742345643 ;  0.06100303223520644 170 1.01   
0.0036945890151741257   0.00022194589976265759 ;  0.06106403526744164 170 1.01   
0.003731534905325867   0.00022170360130827858 ;  0.061125099302709075 170 1.01   
0.0037688502543791256   0.00022145955545426935 ;  0.061186224402011775 170 1.01   
0.003806538756922917   0.00022121375568071527 ;  0.06124741062641378 170 1.01   
0.0038446041444921463   0.0002209661955560925 ;  0.061308658037040185 170 1.01   
0.0038830501859370677   0.00022071686873974608 ;  0.061369966695077216 170 1.01   
0.003921880687796439   0.00022046576898442977 ;  0.061431336661772286 170 1.01   
0.003961099494674403   0.00022021289013853234 ;  0.061492767998434054 170 1.01   
0.004000710489621147   0.00021995822614868026 ;  0.06155426076643248 170 1.01   
0.004040717594517358   0.00021970177106231837 ;  0.06161581502719891 170 1.01   
0.004081124770462532   0.00021944351902998614 ;  0.0616774308422261 170 1.01   
0.004121936018167157   0.0002191834643080972 ;  0.06173910827306832 170 1.01   
0.004163155378348828   0.00021892160126136468 ;  0.06180084738134138 170 1.01   
0.004204786932132316   0.00021865792436538207 ;  0.061862648228722714 170 1.01   
0.004246834801453639   0.0002183924282092203 ;  0.06192451087695143 170 1.01   
0.004289303149468176   0.0002181251074980961 ;  0.06198643538782837 170 1.01   
0.0043321961809628575   0.00021785595705590532 ;  0.062048421823216196 170 1.01   
0.004375518142772486   0.00021758497182796272 ;  0.062110470245039406 170 1.01   
0.0044192733242002106   0.00021731214688357767 ;  0.06217258071528444 170 1.01   
0.004463466057442213   0.000217037477418829 ;  0.06223475329599972 170 1.01   
0.004508100718016635   0.00021676095875916703 ;  0.06229698804929572 170 1.01   
0.004553181725196802   0.0002164825863621254 ;  0.06235928503734501 170 1.01   
0.00459871354244877   0.00021620235614083403 ;  0.06242164432238235 160 1.01   
0.004644700677873257   0.0002159202631775939 ;  0.06248406596670472 160 1.01   
0.00469114768465199   0.00021563630366978125 ;  0.06254655003267141 160 1.01   
0.00473805916149851   0.00021535047363077656 ;  0.06260909658270408 160 1.01   
0.004785439753113495   0.0002150627692197791 ;  0.06267170567928677 160 1.01   
0.00483329415064463   0.00021477318674470734 ;  0.06273437738496605 160 1.01   
0.004881627092151076   0.00021448172266485242 ;  0.06279711176235102 160 1.01   
0.004930443363072587   0.0002141883735937328 ;  0.06285990887411336 160 1.01   
0.004979747796703313   0.00021389313630192325 ;  0.06292276878298747 160 1.01   
0.005029545274670346   0.00021359600771979307 ;  0.06298569155177045 160 1.01   
0.00507984072741705   0.00021329698494051633 ;  0.06304867724332221 160 1.01   
0.00513063913469122   0.0002129960652225928 ;  0.06311172592056552 160 1.01   
0.005181945526038133   0.00021269324599295733 ;  0.06317483764648608 160 1.01   
0.005233764981298514   0.00021238852484966125 ;  0.06323801248413256 160 1.01   
0.005286102631111499   0.000212081899564811 ;  0.0633012504966167 160 1.01   
0.005338963657422614   0.00021177336808727388 ;  0.0633645517471133 160 1.01   
0.005392353293996841   0.00021146292854563235 ;  0.06342791629886041 160 1.01   
0.005446276826936809   0.00021115057925101682 ;  0.06349134421515926 160 1.01   
0.005500739595206177   0.00021083631869981442 ;  0.06355483555937441 160 1.01   
0.005555746991158239   0.00021052014557666995 ;  0.06361839039493378 160 1.01   
0.005611304461069821   0.0002102020587571744 ;  0.0636820087853287 160 1.01   
0.005667417505680519   0.0002098820573108115 ;  0.06374569079411402 160 1.01   
0.005724091680737325   0.0002095601405036446 ;  0.06380943648490812 160 1.01   
0.005781332597544698   0.00020923630780124802 ;  0.06387324592139303 160 1.01   
0.0058391459235201445   0.00020891055887140966 ;  0.06393711916731441 160 1.01   
0.005897537382755346   0.00020858289358698743 ;  0.06400105628648171 160 1.01   
0.005956512756582899   0.00020825331202865025 ;  0.06406505734276818 160 1.01   
0.006016077884148728   0.0002079218144876488 ;  0.06412912240011094 160 1.01   
0.006076238662990215   0.0002075884014686262 ;  0.06419325152251104 160 1.01   
0.0061370010496201175   0.00020725307369217542 ;  0.06425744477403354 160 1.01   
0.0061983710601163184   0.00020691583209780023 ;  0.06432170221880756 160 1.01   
0.006260354770717481   0.0002065766778464379 ;  0.06438602392102637 160 1.01   
0.0063229583184246565   0.00020623561232318283 ;  0.06445040994494738 160 1.01   
0.006386187901608903   0.00020589263714007743 ;  0.06451486035489233 160 1.01   
0.006450049780624992   0.00020554775413851557 ;  0.06457937521524722 160 1.01   
0.006514550278431242   0.0002052009653919855 ;  0.06464395459046246 160 1.01   
0.006579695781215554   0.00020485227320872097 ;  0.06470859854505291 160 1.01   
0.00664549273902771   0.0002045016801341185 ;  0.06477330714359796 160 1.01   
0.006711947666417987   0.00020414918895336832 ;  0.06483808045074155 160 1.01   
0.0067790671430821665   0.00020379480269388172 ;  0.06490291853119229 160 1.01   
0.006846857814512988   0.00020343852462792507 ;  0.06496782144972348 160 1.01   
0.006915326392658118   0.00020308035827481077 ;  0.06503278927117319 160 1.01   
0.006984479656584699   0.00020272030740349308 ;  0.06509782206044436 160 1.01   
0.0070543244531505464   0.00020235837603488035 ;  0.06516291988250479 160 1.01   
0.007124867697682052   0.0002019945684440997 ;  0.06522808280238729 160 1.01   
0.007196116374658872   0.00020162888916285012 ;  0.06529331088518966 160 1.01   
0.007268077538405461   0.00020126134298165102 ;  0.06535860419607485 160 1.01   
0.007340758313789516   0.00020089193495204853 ;  0.06542396280027092 160 1.01   
0.007414165896927411   0.00020052067038873436 ;  0.06548938676307119 160 1.01   
0.007488307555896685   0.00020014755487163518 ;  0.06555487614983425 160 1.01   
0.007563190631455652   0.0001997725942481104 ;  0.06562043102598408 160 1.01   
0.0076388225377702085   0.00019939579463476716 ;  0.06568605145701006 160 1.01   
0.0077152107631479104   0.00019901716241962873 ;  0.06575173750846706 160 1.01   
0.007792362870779389   0.00019863670426387882 ;  0.06581748924597552 160 1.01   
0.007870286499487183   0.00019825442710383765 ;  0.0658833067352215 160 1.01   
0.007948989364482056   0.0001978703381526113 ;  0.0659491900419567 160 1.01   
0.008028479258126876   0.00019748444490202995 ;  0.06601513923199866 160 1.01   
0.008108764050708145   0.00019709675512416316 ;  0.06608115437123065 160 1.01   
0.008189851691215227   0.00019670727687296963 ;  0.06614723552560187 160 1.01   
0.00827175020812738   0.00019631601848591363 ;  0.06621338276112745 160 1.01   
0.008354467710208653   0.00019592298858539653 ;  0.06627959614388858 160 1.01   
0.008438012387310739   0.0001955281960801516 ;  0.06634587574003246 160 1.01   
0.008522392511183847   0.0001951316501667119 ;  0.0664122216157725 160 1.01   
0.008607616436295686   0.0001947333603305046 ;  0.06647863383738827 160 1.01   
0.008693692600658642   0.00019433333634724025 ;  0.06654511247122565 160 1.01   
0.008780629526665229   0.00019393158828396527 ;  0.06661165758369686 160 1.01   
0.008868435821931881   0.00019352812650007143 ;  0.06667826924128055 160 1.01   
0.0089571201801512   0.00019312296164833068 ;  0.06674494751052182 160 1.01   
0.009046691381952712   0.00019271610467588195 ;  0.06681169245803233 160 1.01   
0.00913715829577224   0.00019230756682485795 ;  0.06687850415049035 160 1.01   
0.009228529878729961   0.00019189735979170428 ;  0.06694538265464083 150 1.01   
0.009320815177517261   0.00019148549508964918 ;  0.06701232803729545 150 1.01   
0.009414023329292434   0.00019107198501314395 ;  0.06707934036533274 150 1.01   
0.009508163562585359   0.00019065684199127416 ;  0.06714641970569807 150 1.01   
0.009603245198211213   0.00019024007875101831 ;  0.06721356612540376 150 1.01   
0.009699277650193325   0.00018982170831753934 ;  0.06728077969152915 150 1.01   
0.009796270426695258   0.0001894017440145266 ;  0.06734806047122067 150 1.01   
0.00989423313096221   0.00018898019946412889 ;  0.0674154085316919 150 1.01   
0.009993175462271832   0.00018855708858707705 ;  0.06748282394022358 150 1.01   
0.01009310721689455   0.00018813242560260346 ;  0.06755030676416379 150 1.01   
0.010194038289063496   0.0001877062250282312 ;  0.06761785707092795 150 1.01   
0.010295978671954132   0.00018727850167955205 ;  0.06768547492799887 150 1.01   
0.010398938458673674   0.0001868492706697657 ;  0.06775316040292687 150 1.01   
0.01050292784326041   0.00018641854740929594 ;  0.06782091356332978 150 1.01   
0.010607957121693014   0.0001859863476051122 ;  0.0678887344768931 150 1.01   
0.010714036692909944   0.00018555268726018863 ;  0.06795662321136998 150 1.01   
0.010821177059839045   0.0001851175826725695 ;  0.06802457983458135 150 1.01   
0.010929388830437436   0.00018468105043451717 ;  0.06809260441441592 150 1.01   
0.01103868271874181   0.00018424310743157934 ;  0.06816069701883033 150 1.01   
0.011149069545929228   0.000183803770841361 ;  0.06822885771584916 150 1.01   
0.011260560241388521   0.00018336305813237147 ;  0.06829708657356501 150 1.01   
0.011373165843802407   0.0001829209870626639 ;  0.06836538366013857 150 1.01   
0.011486897502240431   0.0001824775756784539 ;  0.0684337490437987 150 1.01   
0.011601766477262835   0.0001820328423124375 ;  0.0685021827928425 150 1.01   
0.011717784142035463   0.0001815868055822253 ;  0.06857068497563533 150 1.01   
0.011834961983455818   0.00018113948438851826 ;  0.06863925566061095 150 1.01   
0.011953311603290377   0.0001806908979132051 ;  0.06870789491627155 150 1.01   
0.01207284471932328   0.00018024106561733566 ;  0.06877660281118782 150 1.01   
0.012193573166516513   0.00017979000723907572 ;  0.068845379413999 150 1.01   
0.01231550889818168   0.00017933774279124857 ;  0.068914224793413 150 1.01   
0.012438663987163496   0.00017888429255928366 ;  0.06898313901820641 150 1.01   
0.012563050627035131   0.0001784296770984446 ;  0.0690521221572246 150 1.01   
0.012688681133305483   0.0001779739172313731 ;  0.06912117427938182 150 1.01   
0.012815567944638537   0.00017751703404536782 ;  0.06919029545366119 150 1.01   
0.012943723624084923   0.00017705904888948616 ;  0.06925948574911485 150 1.01   
0.013073160860325773   0.00017659998337165805 ;  0.06932874523486396 150 1.01   
0.013203892468929031   0.0001761398593556616 ;  0.06939807398009881 150 1.01   
0.01333593139361832   0.0001756786989577599 ;  0.0694674720540789 150 1.01   
0.013469290707554505   0.00017521652454354365 ;  0.06953693952613296 150 1.01   
0.01360398361463005   0.00017475335872446258 ;  0.06960647646565908 150 1.01   
0.01374002345077635   0.00017428922435430485 ;  0.06967608294212473 150 1.01   
0.013877423685284114   0.0001738241445255423 ;  0.06974575902506684 150 1.01   
0.014016197922136955   0.00017335814256552685 ;  0.0698155047840919 150 1.01   
0.014156359901358325   0.00017289124203261424 ;  0.069885320288876 150 1.01   
0.014297923500371908   0.00017242346671215346 ;  0.06995520560916486 150 1.01   
0.014440902735375627   0.0001719548406124074 ;  0.07002516081477402 150 1.01   
0.014585311762729383   0.00017148538796031234 ;  0.07009518597558878 150 1.01   
0.014731164880356678   0.00017101513319708867 ;  0.07016528116156436 150 1.01   
0.014878476529160245   0.00017054410097384087 ;  0.07023544644272592 150 1.01   
0.015027261294451848   0.00017007231614695031 ;  0.07030568188916864 150 1.01   
0.015177533907396366   0.0001695998037734475 ;  0.0703759875710578 150 1.01   
0.01532930924647033   0.00016912658910620828 ;  0.07044636355862885 150 1.01   
0.015482602338935033   0.00016865269758898756 ;  0.07051680992218747 150 1.01   
0.015637428362324384   0.0001681781548516324 ;  0.07058732673210964 150 1.01   
0.015793802645947628   0.0001677029867046829 ;  0.07065791405884174 150 1.01   
0.015951740672407105   0.0001672272191344325 ;  0.07072857197290057 150 1.01   
0.016111258079131177   0.00016675087829759556 ;  0.07079930054487346 150 1.01   
0.01627237065992249   0.0001662739905156761 ;  0.07087009984541832 150 1.01   
0.016435094366521713   0.00016579658226974022 ;  0.07094096994526373 150 1.01   
0.01659944531018693   0.00016531868019469784 ;  0.07101191091520899 150 1.01   
0.0167654397632888   0.00016484031107360194 ;  0.07108292282612419 150 1.01   
0.01693309416092169   0.0001643615018319251 ;  0.07115400574895031 150 1.01   
0.017102425102530905   0.0001638822795316579 ;  0.07122515975469926 150 1.01   
0.017273449353556215   0.0001634026713653483 ;  0.07129638491445395 150 1.01   
0.01744618384709178   0.0001629227046501578 ;  0.0713676812993684 150 1.01   
0.017620645685562698   0.00016244240682147955 ;  0.07143904898066776 150 1.01   
0.017796852142418326   0.00016196180542711751 ;  0.07151048802964842 150 1.01   
0.017974820663842508   0.00016148092812067768 ;  0.07158199851767806 150 1.01   
0.018154568870480933   0.00016099980265544043 ;  0.07165358051619573 150 1.01   
0.018336114559185743   0.00016051845687769836 ;  0.07172523409671192 150 1.01   
0.0185194757047776   0.0001600369187205444 ;  0.07179695933080862 150 1.01   
0.018704670461825376   0.00015955521619709343 ;  0.07186875629013942 150 1.01   
0.01889171716644363   0.0001590733773939957 ;  0.07194062504642955 150 1.01   
0.019080634338108065   0.0001585914304645746 ;  0.07201256567147597 150 1.01   
0.019271440681489147   0.00015810940362239457 ;  0.07208457823714744 150 1.01   
0.019464155088304038   0.00015762732513409762 ;  0.07215666281538458 150 1.01   
0.019658796639187077   0.00015714522331282567 ;  0.07222881947819995 150 1.01   
0.01985538460557895   0.0001566631265112406 ;  0.07230104829767814 150 1.01   
0.020053938451634737   0.0001561810631145273 ;  0.07237334934597581 150 1.01   
0.020254477836151086   0.0001556990615335599 ;  0.07244572269532178 150 1.01   
0.020457022614512595   0.0001552171501976833 ;  0.07251816841801709 150 1.01   
0.02066159284065772   0.00015473535754787496 ;  0.0725906865864351 150 1.01   
0.020868208769064298   0.00015425371209962585 ;  0.07266327727302152 140 1.01   
0.021076890856754942   0.0001537722421541898 ;  0.07273594055029453 140 1.01   
0.021287659765322493   0.00015329097621594116 ;  0.07280867649084481 140 1.01   
0.02150053636297572   0.0001528099427008364 ;  0.07288148516733566 140 1.01   
0.02171554172660548   0.00015232917000079264 ;  0.07295436665250299 140 1.01   
0.021932697143871534   0.00015184868647646343 ;  0.07302732101915549 140 1.01   
0.02215202411531025   0.0001513685204499991 ;  0.07310034834017463 140 1.01   
0.022373544356463354   0.00015088870019779854 ;  0.0731734486885148 140 1.01   
0.022597279800027986   0.00015040925394358613 ;  0.07324662213720332 140 1.01   
0.022823252598028265   0.0001499302098508362 ;  0.07331986875934052 140 1.01   
0.023051485124008547   0.0001494515960159308 ;  0.07339318862809985 140 1.01   
0.023281999975248633   0.00014897344046074416 ;  0.07346658181672794 140 1.01   
0.02351481997500112   0.00014849577112563473 ;  0.07354004839854465 140 1.01   
0.023749968174751133   0.0001480186158622739 ;  0.07361358844694318 140 1.01   
0.023987467856498645   0.00014754200242644665 ;  0.07368720203539011 140 1.01   
0.02422734253506363   0.00014706595847098345 ;  0.07376088923742549 140 1.01   
0.02446961596041427   0.0001465905115388683 ;  0.0738346501266629 140 1.01   
0.02471431212001841   0.00014611568905594183 ;  0.07390848477678956 140 1.01   
0.024961455241218594   0.00014564151832412563 ;  0.07398239326156635 140 1.01   
0.025211069793630782   0.00014516802651433144 ;  0.07405637565482791 140 1.01   
0.02546318049156709   0.00014469524065966027 ;  0.07413043203048272 140 1.01   
0.02571781229648276   0.00014422318764849873 ;  0.0742045624625132 140 1.01   
0.02597499041944759   0.00014375189421770047 ;  0.0742787670249757 140 1.01   
0.026234740323642067   0.00014328138694592602 ;  0.07435304579200067 140 1.01   
0.026497087726878487   0.00014281169224686306 ;  0.07442739883779266 140 1.01   
0.026762058604147272   0.00014234283636265757 ;  0.07450182623663044 140 1.01   
0.027029679190188744   0.00014187484535745795 ;  0.07457632806286707 140 1.01   
0.02729997598209063   0.00014140774511069048 ;  0.07465090439092993 140 1.01   
0.02757297574191154   0.00014094156131093022 ;  0.07472555529532085 140 1.01   
0.027848705499330655   0.00014047631944939554 ;  0.07480028085061616 140 1.01   
0.02812719255432396   0.0001400120448138701 ;  0.07487508113146676 140 1.01   
0.0284084644798672   0.00013954876248239848 ;  0.07494995621259823 140 1.01   
0.028692549124665873   0.00013908649731727272 ;  0.07502490616881081 140 1.01   
0.02897947461591253   0.00013862527395916337 ;  0.07509993107497961 140 1.01   
0.029269269362071658   0.00013816511682110605 ;  0.07517503100605459 140 1.01   
0.029561962055692375   0.0001377060500828402 ;  0.07525020603706063 140 1.01   
0.0298575816762493   0.00013724809768504744 ;  0.07532545624309768 140 1.01   
0.030156157493011794   0.00013679128332387625 ;  0.07540078169934077 140 1.01   
0.030457719067941914   0.0001363356304454682 ;  0.0754761824810401 140 1.01   
0.030762296258621334   0.00013588116224053274 ;  0.07555165866352113 140 1.01   
0.031069919221207547   0.00013542790163934064 ;  0.07562721032218465 140 1.01   
0.031380618413419624   0.00013497587130629078 ;  0.07570283753250683 140 1.01   
0.03169442459755382   0.00013452509363526193 ;  0.07577854037003932 140 1.01   
0.032011368843529356   0.0001340755907444814 ;  0.07585431891040935 140 1.01   
0.03233148253196465   0.00013362738447200533 ;  0.07593017322931975 140 1.01   
0.03265479735728429   0.0001331804963709158 ;  0.07600610340254906 140 1.01   
0.032981345330857136   0.0001327349477050119 ;  0.0760821095059516 140 1.01   
0.033311158784165705   0.00013229075944432684 ;  0.07615819161545753 140 1.01   
0.03364427037200736   0.00013184795226106307 ;  0.07623434980707298 140 1.01   
0.033980713075727434   0.00013140654652537428 ;  0.07631058415688005 140 1.01   
0.03432052020648471   0.00013096656230150735 ;  0.07638689474103692 140 1.01   
0.03466372540854956   0.0001305280193440391 ;  0.07646328163577795 140 1.01   
0.035010362662635054   0.0001300909370941471 ;  0.07653974491741372 140 1.01   
0.03536046628926141   0.00012965533467615203 ;  0.07661628466233113 140 1.01   
0.03571407095215402   0.0001292212308942186 ;  0.07669290094699345 140 1.01   
0.03607121166167556   0.00012878864422898625 ;  0.07676959384794044 140 1.01   
0.03643192377829232   0.00012835759283466138 ;  0.07684636344178837 140 1.01   
0.03679624301607524   0.00012792809453603018 ;  0.07692320980523015 140 1.01   
0.03716420544623599   0.00012750016682573143 ;  0.07700013301503537 140 1.01   
0.037535847500698355   0.00012707382686154257 ;  0.0770771331480504 140 1.01   
0.03791120597570534   0.0001266490914641361 ;  0.07715421028119844 140 1.01   
0.038290318035462394   0.0001262259771145193 ;  0.07723136449147963 140 1.01   
0.03867322121581702   0.000125804499952123 ;  0.07730859585597111 140 1.01   
0.03905995342797519   0.000125384675772529 ;  0.07738590445182707 140 1.01   
0.03945055296225494   0.00012496652002596132 ;  0.07746329035627889 140 1.01   
0.03984505849187749   0.00012455004781531995 ;  0.07754075364663515 140 1.01   
0.04024350907679627   0.000124135273894801 ;  0.07761829440028178 140 1.01   
0.04064594416756423   0.00012372221266851194 ;  0.07769591269468205 140 1.01   
0.041052403609239875   0.00012331087818912774 ;  0.07777360860737673 140 1.01   
0.04146292764533228   0.00012290128415699998 ;  0.07785138221598409 140 1.01   
0.0418775569217856   0.00012249344391915146 ;  0.07792923359820006 140 1.01   
0.04229633249100346   0.0001220873704684861 ;  0.07800716283179825 140 1.01   
0.042719295815913494   0.00012168307644327686 ;  0.07808516999463004 140 1.01   
0.04314648877407263   0.00012128057412666195 ;  0.07816325516462466 140 1.01   
0.04357795366181336   0.00012087987544638649 ;  0.07824141841978928 140 1.01   
0.04401373319843149   0.0001204809919745442 ;  0.07831965983820906 140 1.01   
0.04445387053041581   0.00012008393492772977 ;  0.07839797949804726 140 1.01   
0.044898409235719965   0.00011968871516717755 ;  0.0784763774775453 140 1.01   
0.04534739332807716   0.0001192953431988811 ;  0.07855485385502284 140 1.01   
0.04580086726135794   0.0001189038291743043 ;  0.07863340870887785 140 1.01   
0.046258875933971516   0.00011851418292623393 ;  0.07871204211758671 130 1.01   
0.04672146469331123   0.000118126413826824 ;  0.0787907541597043 130 1.01   
0.047188679340244344   0.00011774053100406347 ;  0.078869544913864 130 1.01   
0.04766056613364679   0.00011735654319812475 ;  0.07894841445877786 130 1.01   
0.04813717179498326   0.00011697445879887244 ;  0.07902736287323663 130 1.01   
0.04861854351293309   0.00011659428584721074 ;  0.07910639023610985 130 1.01   
0.04910472894806242   0.00011621603203649714 ;  0.07918549662634596 130 1.01   
0.04959577623754304   0.0001158397047141242 ;  0.07926468212297229 130 1.01   
0.050091733999918474   0.00011546531088319707 ;  0.07934394680509525 130 1.01   
0.05059265133991766   0.00011509285720435653 ;  0.07942329075190034 130 1.01   
0.05109857785331683   0.00011472234999772144 ;  0.07950271404265223 130 1.01   
0.05160956363185   0.00011435379524495789 ;  0.07958221675669487 130 1.01   
0.0521256592681685   0.00011398719859150395 ;  0.07966179897345156 130 1.01   
0.052646915860850185   0.00011362256534887995 ;  0.079741460772425 130 1.01   
0.05317338501945869   0.00011325990049703636 ;  0.07982120223319741 130 1.01   
0.053705118869653276   0.00011289920868697252 ;  0.0799010234354306 130 1.01   
0.05424217005834981   0.00011254049424339162 ;  0.07998092445886602 130 1.01   
0.054784591758933306   0.0001121837611673924 ;  0.08006090538332489 130 1.01   
0.05533243767652264   0.00011182901313945695 ;  0.0801409662887082 130 1.01   
0.055885762053287866   0.00011147625352219765 ;  0.0802211072549969 130 1.01   
0.056444619673820744   0.00011112548536364465 ;  0.08030132836225189 130 1.01   
0.05700906587055895   0.00011077671140033642 ;  0.08038162969061413 130 1.01   
0.05757915652926454   0.00011042993406046965 ;  0.08046201132030474 130 1.01   
0.058154948094557186   0.00011008515546739223 ;  0.08054247333162504 130 1.01   
0.05873649757550276   0.00010974237744295861 ;  0.08062301580495665 130 1.01   
0.05932386255125779   0.00010940160151096906 ;  0.08070363882076159 130 1.01   
0.05991710117677036   0.00010906282890094823 ;  0.08078434245958234 130 1.01   
0.06051627218853807   0.00010872606055165678 ;  0.08086512680204191 130 1.01   
0.061121434910423454   0.00010839129711485298 ;  0.08094599192884394 130 1.01   
0.06173264925952769   0.00010805853895920538 ;  0.08102693792077277 130 1.01   
0.06234997575212297   0.00010772778617403685 ;  0.08110796485869354 130 1.01   
0.0629734755096442   0.00010739903857337746 ;  0.08118907282355223 130 1.01   
0.06360321026474064   0.00010707229569994903 ;  0.08127026189637578 130 1.01   
0.06423924236738805   0.00010674755682918465 ;  0.08135153215827214 130 1.01   
0.06488163479106193   0.00010642482097332213 ;  0.0814328836904304 130 1.01   
0.06553045113897255   0.00010610408688567868 ;  0.08151431657412082 130 1.01   
0.06618575565036228   0.00010578535306476726 ;  0.08159583089069493 130 1.01   
0.0668476132068659   0.00010546861775866054 ;  0.08167742672158561 130 1.01   
0.06751608933893456   0.00010515387896913286 ;  0.08175910414830719 130 1.01   
0.0681912502323239   0.00010484113445611979 ;  0.08184086325245549 130 1.01   
0.06887316273464715   0.00010453038174206731 ;  0.08192270411570793 130 1.01   
0.06956189436199363   0.00010422161811629205 ;  0.08200462681982362 130 1.01   
0.07025751330561357   0.00010391484063942585 ;  0.08208663144664344 130 1.01   
0.0709600884386697   0.0001036100461479599 ;  0.08216871807809008 130 1.01   
0.0716696893230564   0.00010330723125850061 ;  0.08225088679616815 130 1.01   
0.07238638621628696   0.00010300639237250258 ;  0.08233313768296431 130 1.01   
0.07311025007844983   0.00010270752568057213 ;  0.08241547082064726 130 1.01   
0.07384135257923433   0.00010241062716720335 ;  0.0824978862914679 130 1.01   
0.07457976610502667   0.00010211569261507236 ;  0.08258038417775936 130 1.01   
0.07532556376607694   0.00010182271760971578 ;  0.0826629645619371 130 1.01   
0.0760788194037377   0.00010153169754401295 ;  0.08274562752649903 130 1.01   
0.07683960759777508   0.00010124262762278164 ;  0.08282837315402551 130 1.01   
0.07760800367375284   0.000100955502867137 ;  0.08291120152717953 130 1.01   
0.07838408371049037   0.00010067031811929673 ;  0.0829941127287067 130 1.01   
0.07916792454759528   0.00010038706804680582 ;  0.0830771068414354 130 1.01   
0.07995960379307122   0.00010010574714721388 ;  0.08316018394827683 130 1.01   
0.08075919983100194   9.982634975247696e-5 ;  0.0832433441322251 130 1.01   
0.08156679182931195   9.954887003358506e-5 ;  0.08332658747635732 130 1.01   
0.08238245974760507   9.927330200473448e-5 ;  0.08340991406383368 130 1.01   
0.08320628434508112   9.899963952808081e-5 ;  0.08349332397789751 130 1.01   
0.08403834718853194   9.872787631779224e-5 ;  0.0835768173018754 130 1.01   
0.08487873066041726   9.845800594479923e-5 ;  0.08366039411917726 130 1.01   
0.08572751796702144   9.819002184084651e-5 ;  0.08374405451329643 130 1.01   
0.08658479314669165   9.792391730297203e-5 ;  0.08382779856780972 130 1.01   
0.08745064107815857   9.765968549766584e-5 ;  0.08391162636637753 130 1.01   
0.08832514748894016   9.739731946523836e-5 ;  0.0839955379927439 130 1.01   
0.08920839896382957   9.713681212394279e-5 ;  0.08407953353073663 130 1.01   
0.09010048295346786   9.687815627416465e-5 ;  0.08416361306426737 130 1.01   
0.09100148778300253   9.662134460250707e-5 ;  0.08424777667733163 130 1.01   
0.09191150266083256   9.636636968600677e-5 ;  0.08433202445400896 130 1.01   
0.09283061768744089   9.611322399597507e-5 ;  0.08441635647846296 130 1.01   
0.0937589238643153   9.58618999021599e-5 ;  0.08450077283494141 130 1.01   
0.09469651310295844   9.561238967648042e-5 ;  0.08458527360777635 130 1.01   
0.09564347823398803   9.536468549714405e-5 ;  0.08466985888138412 130 1.01   
0.0965999130163279   9.51187794522183e-5 ;  0.0847545287402655 130 1.01   
0.09756591214649118   9.48746635437061e-5 ;  0.08483928326900575 130 1.01   
0.0985415712679561   9.463232969098373e-5 ;  0.08492412255227474 130 1.01   
0.09952698698063565   9.439176973466114e-5 ;  0.085009046674827 130 1.01   
0.10052225685044201   9.415297544006866e-5 ;  0.08509405572150182 130 1.01   
0.10152747941894644   9.391593850086747e-5 ;  0.08517914977722331 130 1.01   
0.1025427542131359   9.368065054259894e-5 ;  0.08526432892700052 130 1.01   
0.10356818175526726   9.344710312587375e-5 ;  0.0853495932559275 130 1.01   
0.10460386357281994   9.321528775001341e-5 ;  0.08543494284918342 130 1.01   
0.10564990220854814   9.298519585619046e-5 ;  0.08552037779203259 130 1.01   
0.10670640123063363   9.275681883075307e-5 ;  0.08560589816982461 130 1.01   
0.10777346524293997   9.253014800821603e-5 ;  0.08569150406799443 130 1.01   
0.10885119989536937   9.230517467466109e-5 ;  0.08577719557206241 130 1.01   
0.10993971189432307   9.208189007049387e-5 ;  0.08586297276763447 130 1.01   
0.1110391090132663   9.186028539356253e-5 ;  0.08594883574040209 130 1.01   
0.11214950010339897   9.164035180210037e-5 ;  0.08603478457614248 130 1.01   
0.11327099510443296   9.142208041742753e-5 ;  0.08612081936071862 130 1.01   
0.1144037050554773   9.120546232684211e-5 ;  0.08620694018007934 130 1.01   
0.11554774210603207   9.099048858624023e-5 ;  0.0862931471202594 130 1.01   
0.1167032195270924   9.07771502228276e-5 ;  0.08637944026737965 130 1.01   
0.11787025172236332   9.05654382376313e-5 ;  0.08646581970764702 130 1.01   
0.11904895423958695   9.03553436080148e-5 ;  0.08655228552735467 130 1.01   
0.12023944378198281   9.014685729013195e-5 ;  0.08663883781288201 130 1.01   
0.12144183821980264   8.993997022126591e-5 ;  0.08672547665069488 130 1.01   
0.12265625660200068   8.973467332211726e-5 ;  0.08681220212734557 130 1.01   
0.12388281916802069   8.953095749905665e-5 ;  0.0868990143294729 130 1.01   
0.12512164735970088   8.932881364629332e-5 ;  0.08698591334380237 130 1.01   
0.1263728638332979   8.912823264790802e-5 ;  0.08707289925714616 130 1.01   
0.1276365924716309   8.892920537992077e-5 ;  0.0871599721564033 130 1.01   
0.1289129583963472   8.873172271227619e-5 ;  0.0872471321285597 130 1.01   
0.13020208798031066   8.853577551073582e-5 ;  0.08733437926068825 130 1.01   
0.13150410886011377   8.834135463859308e-5 ;  0.08742171363994893 130 1.01   
0.1328191499487149   8.814845095855352e-5 ;  0.08750913535358887 130 1.01   
0.13414734144820206   8.795705533449172e-5 ;  0.08759664448894244 130 1.01   
0.13548881486268408   8.776715863287851e-5 ;  0.08768424113343137 130 1.01   
0.1368437030113109   8.757875172451916e-5 ;  0.0877719253745648 130 1.01   
0.13821214004142401   8.739182548605541e-5 ;  0.08785969729993935 130 1.01   
0.13959426144183826   8.720637080131601e-5 ;  0.08794755699723929 130 1.01   
0.14099020405625665   8.702237856282568e-5 ;  0.08803550455423652 130 1.01   
0.14240010609681922   8.683983967299877e-5 ;  0.08812354005879075 130 1.01   
0.1438241071577874   8.66587450455416e-5 ;  0.08821166359884954 130 1.01   
0.14526234822936526   8.64790856065962e-5 ;  0.08829987526244837 130 1.01   
0.14671497171165893   8.630085229590228e-5 ;  0.0883881751377108 130 1.01   
0.14818212142877552   8.612403606791117e-5 ;  0.0884765633128485 130 1.01   
0.14966394264306326   8.594862789276358e-5 ;  0.08856503987616135 130 1.01   
0.1511605820694939   8.577461875742619e-5 ;  0.0886536049160375 130 1.01   
0.15267218789018883   8.560199966645265e-5 ;  0.08874225852095353 130 1.01   
0.1541989097690907   8.54307616429963e-5 ;  0.08883100077947448 130 1.01   
0.1557408988667816   8.526089572961935e-5 ;  0.08891983178025395 130 1.01   
0.15729830785544943   8.509239298902441e-5 ;  0.0890087516120342 130 1.01   
0.15887129093400393   8.49252445048587e-5 ;  0.08909776036364622 130 1.01   
0.16046000384334397   8.475944138236677e-5 ;  0.08918685812400985 130 1.01   
0.1620646038817774   8.459497474902075e-5 ;  0.08927604498213385 130 1.01   
0.1636852499205952   8.443183575515801e-5 ;  0.08936532102711597 130 1.01   
0.16532210241980114   8.427001557453082e-5 ;  0.08945468634814308 130 1.01   
0.16697532344399915   8.410950540485817e-5 ;  0.08954414103449121 130 1.01   
0.16864507667843914   8.395029646818975e-5 ;  0.0896336851755257 130 1.01   
0.17033152744522354   8.379238001138434e-5 ;  0.08972331886070121 130 1.01   
0.17203484271967578   8.363574730659739e-5 ;  0.0898130421795619 130 1.01   
0.17375519114687255   8.348038965155494e-5 ;  0.08990285522174145 130 1.01   
0.17549274305834128   8.332629836981636e-5 ;  0.08999275807696318 130 1.01   
0.1772476704889247   8.317346481117953e-5 ;  0.09008275083504014 130 1.01   
0.17902014719381396   8.302188035188249e-5 ;  0.09017283358587516 130 1.01   
0.1808103486657521   8.287153639482453e-5 ;  0.09026300641946103 130 1.01   
0.18261845215240963   8.272242436979001e-5 ;  0.09035326942588048 130 1.01   
0.18444463667393374   8.257453573355971e-5 ;  0.09044362269530636 130 1.01   
0.18628908304067307   8.242786197003421e-5 ;  0.09053406631800165 130 1.01   
0.1881519738710798   8.228239459040054e-5 ;  0.09062460038431965 130 1.01   
0.1900334936097906   8.2138125133194e-5 ;  0.09071522498470395 130 1.01   
0.1919338285458885   8.199504516434605e-5 ;  0.09080594020968864 130 1.01   
0.1938531668313474   8.185314627713045e-5 ;  0.09089674614989832 130 1.01   
0.19579169849966088   8.17124200923732e-5 ;  0.0909876428960482 130 1.01   
0.1977496154846575   8.157285825819525e-5 ;  0.09107863053894424 130 1.01   
0.19972711163950407   8.143445245024198e-5 ;  0.09116970916948318 130 1.01   
0.20172438275589913   8.129719437135681e-5 ;  0.09126087887865265 130 1.01   
0.20374162658345812   8.116107575179674e-5 ;  0.0913521397575313 130 1.01   
0.20577904284929271   8.102608834884566e-5 ;  0.09144349189728883 130 1.01   
0.20783683327778565   8.089222394706496e-5 ;  0.09153493538918611 130 1.01   
0.2099152016105635   8.075947435780511e-5 ;  0.09162647032457528 130 1.01   
0.21201435362666915   8.062783141939444e-5 ;  0.09171809679489985 130 1.01   
0.21413449716293584   8.049728699681607e-5 ;  0.09180981489169475 130 1.01   
0.2162758421345652   8.03678329816227e-5 ;  0.09190162470658643 130 1.01   
0.21843860055591086   8.023946129173643e-5 ;  0.091993526331293 130 1.01   
0.22062298656146997   8.011216387140044e-5 ;  0.09208551985762428 130 1.01   
0.22282921642708467   7.998593269087184e-5 ;  0.0921776053774819 130 1.01   
0.2250575085913555   7.986075974621204e-5 ;  0.09226978298285937 130 1.01   
0.22730808367726907   7.973663705927425e-5 ;  0.09236205276584222 130 1.01   
0.22958116451404176   7.961355667736153e-5 ;  0.09245441481860805 130 1.01   
0.23187697615918218   7.949151067307055e-5 ;  0.09254686923342666 130 1.01   
0.234195745920774   7.937049114401506e-5 ;  0.09263941610266008 130 1.01   
0.23653770337998173   7.925049021284527e-5 ;  0.09273205551876272 130 1.01   
0.23890308041378155   7.913150002680017e-5 ;  0.09282478757428148 130 1.01   
0.24129211121791938   7.901351275761374e-5 ;  0.09291761236185575 130 1.01   
0.24370503233009858   7.889652060121203e-5 ;  0.09301052997421759 130 1.01   
0.24614208265339957   7.878051577776272e-5 ;  0.0931035405041918 130 1.01   
0.24860350347993357   7.866549053103403e-5 ;  0.09319664404469598 130 1.01   
0.2510895385147329   7.855143712870467e-5 ;  0.09328984068874066 130 1.01   
0.25360043389988024   7.843834786171995e-5 ;  0.0933831305294294 130 1.01   
0.25613643823887905   7.83262150443132e-5 ;  0.09347651365995882 130 1.01   
0.25869780262126785   7.821503101379118e-5 ;  0.09356999017361876 130 1.01   
0.2612847806474805   7.810478813039711e-5 ;  0.09366356016379238 130 1.01   
0.2638976284539553   7.79954787769681e-5 ;  0.09375722372395616 130 1.01   
0.2665366047384949   7.788709535879632e-5 ;  0.0938509809476801 130 1.01   
0.2692019707858798   7.777963030362287e-5 ;  0.09394483192862776 130 1.01   
0.27189399049373864   7.767307606127916e-5 ;  0.09403877676055639 130 1.01   
0.274612930398676   7.756742510361448e-5 ;  0.09413281553731694 130 1.01   
0.2773590597026628   7.74626699243049e-5 ;  0.09422694835285424 130 1.01   
0.2801326502996894   7.7358803038741e-5 ;  0.09432117530120708 130 1.01   
0.28293397680268634   7.72558169838621e-5 ;  0.09441549647650828 130 1.01   
0.2857633165707132   7.715370431806344e-5 ;  0.09450991197298478 130 1.01   
0.28862094973642033   7.70524576210017e-5 ;  0.09460442188495775 130 1.01   
0.2915071592337845   7.695206949354737e-5 ;  0.0946990263068427 130 1.01   
0.29442223082612234   7.685253255768507e-5 ;  0.09479372533314953 130 1.01   
0.2973664531343836   7.675383945636499e-5 ;  0.09488851905848267 130 1.01   
0.30034011766572744   7.665598285346562e-5 ;  0.09498340757754115 130 1.01   
0.3033435188423847   7.655895543367279e-5 ;  0.09507839098511868 130 1.01   
0.30637695403080856   7.646274990247595e-5 ;  0.09517346937610378 130 1.01   
0.3094407235711166   7.636735898603081e-5 ;  0.09526864284547988 130 1.01   
0.3125351308068278   7.627277543122131e-5 ;  0.09536391148832535 130 1.01   
0.3156604821148961   7.617899200549583e-5 ;  0.09545927539981366 130 1.01   
0.3188170869360451   7.608600149689755e-5 ;  0.09555473467521347 130 1.01   
0.32200525780540556   7.59937967141558e-5 ;  0.09565028940988868 130 1.01   
0.32522531038345964   7.590237048640807e-5 ;  0.09574593969929855 130 1.01   
0.32847756348729423   7.58117156635339e-5 ;  0.09584168563899784 130 1.01   
0.3317623391221672   7.572182511598417e-5 ;  0.09593752732463683 130 1.01   
0.33507996251338884   7.563269173476032e-5 ;  0.09603346485196146 130 1.01   
0.33843076213852274   7.554430843157795e-5 ;  0.0961294983168134 130 1.01   
0.341815069759908   7.545666813876825e-5 ;  0.09622562781513021 130 1.01   
0.3452332204575071   7.536976380955279e-5 ;  0.09632185344294533 130 1.01   
0.3486855526620822   7.528358841790029e-5 ;  0.09641817529638827 130 1.01   
0.352172408188703   7.519813495864661e-5 ;  0.09651459347168465 130 1.01   
0.35569413227059005   7.511339644764686e-5 ;  0.09661110806515633 130 1.01   
0.35925107359329594   7.50293659217637e-5 ;  0.09670771917322148 130 1.01   
0.3628435843292289   7.49460364391232e-5 ;  0.09680442689239468 130 1.01   
0.36647202017252123   7.486340107905592e-5 ;  0.09690123131928707 130 1.01   
0.37013674037424643   7.478145294232356e-5 ;  0.09699813255060635 130 1.01   
0.3738381077779889   7.470018515121031e-5 ;  0.09709513068315695 130 1.01   
0.37757648885576883   7.4619590849567e-5 ;  0.0971922258138401 130 1.01   
0.3813522537443265   7.453966320327971e-5 ;  0.09728941803965394 130 1.01   
0.3851657762817698   7.446039540002028e-5 ;  0.09738670745769358 130 1.01   
0.3890174340445875   7.438178064954813e-5 ;  0.09748409416515126 130 1.01   
0.39290760838503336   7.430381218401371e-5 ;  0.0975815782593164 130 1.01   
0.3968366844688837   7.42264832580175e-5 ;  0.0976791598375757 130 1.01   
0.4008050513135725   7.414978714873855e-5 ;  0.09777683899741327 130 1.01   
0.40481310182670827   7.407371715621875e-5 ;  0.09787461583641067 130 1.01   
0.40886123284497533   7.399826660354063e-5 ;  0.09797249045224707 130 1.01   
0.4129498451734251   7.392342883698066e-5 ;  0.0980704629426993 130 1.01   
0.41707934362515936   7.384919722624825e-5 ;  0.098168533405642 130 1.01   
0.42125013706141096   7.37755651646893e-5 ;  0.09826670193904763 130 1.01   
0.4254626384320251   7.370252606954624e-5 ;  0.09836496864098666 130 1.01   
0.42971726481634537   7.363007338210749e-5 ;  0.09846333360962764 130 1.01   
0.43401443746450885   7.355820056793528e-5 ;  0.09856179694323726 130 1.01   
0.43835458183915393   7.348690111714237e-5 ;  0.09866035874018049 130 1.01   
0.4427381276575455   7.341616854457449e-5 ;  0.09875901909892065 130 1.01   
0.44716550893412094   7.334599639015946e-5 ;  0.09885777811801956 130 1.01   
0.45163716402346216   7.327637821896054e-5 ;  0.09895663589613757 130 1.01   
0.45615353566369676   7.320730762161102e-5 ;  0.09905559253203369 130 1.01   
0.4607150710203337   7.31387782143479e-5 ;  0.09915464812456572 130 1.01   
0.46532222173053706   7.307078363955853e-5 ;  0.09925380277269027 130 1.01   
0.4699754439478424   7.300331756562545e-5 ;  0.09935305657546295 130 1.01   
0.47467519838732086   7.293637368764275e-5 ;  0.0994524096320384 130 1.01   
0.47942195037119406   7.28699457271903e-5 ;  0.09955186204167042 130 1.01   
0.484216169874906   7.280402743295707e-5 ;  0.09965141390371209 130 1.01   
0.4890583315736551   7.273861258087458e-5 ;  0.09975106531761578 130 1.01   
0.49394891488939163   7.267369497427557e-5 ;  0.09985081638293339 130 1.01   
0.49888840403828555   7.260926844421463e-5 ;  0.0999506671993163 130 1.01   
0.5038772880786684   7.254532684984086e-5 ;  0.1 130 1.01   
0.5089160609594551   7.24818640784716e-5 ;  0.1 130 1.01   
0.5140052215690496   7.241887404581406e-5 ;  0.1 130 1.01   
0.5191452737847401   7.235635069645892e-5 ;  0.1 130 1.01   
0.5243367265225874   7.22942880039428e-5 ;  0.1 130 1.01   
0.5295800937878133   7.22326799709917e-5 ;  0.1 130 1.01   
0.5348758947256915   7.217152062977845e-5 ;  0.1 130 1.01   
0.5402246536729485   7.21108040422409e-5 ;  0.1 130 1.01   
0.545626900209678   7.205052430038252e-5 ;  0.1 130 1.01   
0.5510831692117748   7.199067552614378e-5 ;  0.1 130 1.01   
0.5565940009038925   7.193125187213761e-5 ;  0.1 130 1.01   
0.5621599409129315   7.18722475214298e-5 ;  0.1 130 1.01   
0.5677815403220609   7.18136566881525e-5 ;  0.1 130 1.01   
0.5734593557252815   7.175547361739473e-5 ;  0.1 130 1.01   
0.5791939492825343   7.169769258563514e-5 ;  0.1 130 1.01   
0.5849858887753596   7.1640307900907e-5 ;  0.1 130 1.01   
0.5908357476631132   7.158331390298872e-5 ;  0.1 130 1.01   
0.5967441051397443   7.152670496358435e-5 ;  0.1 130 1.01   
0.6027115461911418   7.14704754817992e-5 ;  0.1 140 1.01   
0.6087386616530531   7.141461990065781e-5 ;  0.1 180 1.01   
0.6148260482695836   7.135913268935242e-5 ;  0.1 240 1.01   
0.6209743087522794   7.130400834706075e-5 ;  0.1 350 1.01   
0.6271840518398022   7.124924140777416e-5 ;  0.1 710 1.01   
0.6334558923582002   7.119482643913126e-5 ;  0.1 350 1.01   
0.6397904512817822   7.11407580419288e-5 ;  0.1 370 1.01   
0.6461883557946001   7.108703085013509e-5 ;  0.1 480 1.01   
0.6526502393525461   7.103363953170503e-5 ;  0.1 510 1.01   
0.6591767417460715   7.098057878808455e-5 ;  0.1 550 1.01   
0.6657685091635323   7.092784335425454e-5 ;  0.1 510 1.01   
0.6724261942551676   7.087542799990692e-5 ;  0.1 570 1.01   
0.6791504561977193   7.082332752819233e-5 ;  0.1 500 1.01   
0.6859419607596965   7.077153677694869e-5 ;  0.1 560 1.01   
0.6928013803672934   7.072005061770653e-5 ;  0.1 110 1.01   
0.6997293941709664   7.066886395877602e-5 ;  0.1 70 1.01   
0.706726688112676   7.061797173988541e-5 ;  0.1 160 1.01   
0.7137939549938028   7.056736893742051e-5 ;  0.1 120 1.01   
0.7209318945437408   7.051705056102137e-5 ;  0.1 40 1.01   
0.7281412134891783   7.04670116564915e-5 ;  0.1 40 1.01   
0.73542262562407   7.041724730940975e-5 ;  0.1 40 1.01   
0.7427768518803107   7.036775261743254e-5 ;  0.1 40 1.01   
0.7502046203991138   7.031852276645153e-5 ;  0.1 40 1.01   
0.757706666603105   7.0269552911749e-5 ;  0.1 50 1.01   
0.7652837332691361   7.022083828949609e-5 ;  0.1 50 1.01   
0.7729365706018275   7.017237414053109e-5 ;  0.1 300 1.01   
0.7806659363078458   7.01241557716723e-5 ;  0.1 150 1.01   
0.7884725956709242   7.007617850402566e-5 ;  0.1 380 1.01   
0.788472595794123   7.007617850402566e-5 ;  0.1 0 1.009090909090909   
0.7957122078100508   7.003231723740165e-5 ;  0.09090909090909091 40 1.0091818181818182   
0.8030913534753874   6.998821824860901e-5 ;  0.091 40 1.0092736363636363   
0.8106134064260877   6.994387945631446e-5 ;  0.09109099999999999 40 1.0093663727272726   
0.8182818388014217   6.989929871705543e-5 ;  0.09118209099999998 40 1.0094600364545454   
0.8261002245868271   6.985447372515735e-5 ;  0.09127327309099997 40 1.0095546368190909   
0.8340722430851445   6.980940211934244e-5 ;  0.09136454636409096 50 1.0096501831872817   
0.8422016825217151   6.976408139739271e-5 ;  0.09145591091045503 50 1.0097466850191545   
0.8504924437890777   6.971850896035226e-5 ;  0.09154736682136548 250 1.0098441518693462   
0.8589485443372727   6.96726820765593e-5 ;  0.09163891418818684 290 1.0099425933880397   
0.8675380297806454   6.96267893648578e-5 ;  0.09173055310237502 220 1.01   
0.8679717987955358   6.962448899844111e-5 ;  0.09182228365547739 250 1.009090909090909   
0.8759413580390221   6.958251369217754e-5 ;  0.08347480332316125 40 1.0091818181818182   
0.8840645196693457   6.954028292499569e-5 ;  0.0835582781264844 40 1.0092736363636363   
0.8923449974755261   6.949779399628e-5 ;  0.08364183640461088 40 1.0093663727272726   
0.9007866136816758   6.945504408875381e-5 ;  0.08372547824101549 40 1.0094600364545454   
0.9093933026269029   6.941203029939268e-5 ;  0.0838092037192565 200 1.0095546368190909   
0.9181691145865396   6.936874958451446e-5 ;  0.08389301292297575 190 1.0096501831872817   
0.9271182197407306   6.932519879623836e-5 ;  0.08397690593589872 230 1.0097466850191545   
0.9362449122966963   6.928137466332549e-5 ;  0.08406088284183462 250 1.0098441518693462   
0.9455536147712832   6.923727378704582e-5 ;  0.08414494372467644 380 1.0099425933880397   
0.9460263915786689   6.923504974529713e-5 ;  0.0842290886684011 50 1.009090909090909   
0.9547126339013458   6.919445405942435e-5 ;  0.07657189878945554 40 1.0091818181818182   
0.9635662916999163   6.91535863144849e-5 ;  0.07664847068824499 40 1.0092736363636363   
0.9725914127354135   6.911244327817724e-5 ;  0.07672511915893322 40 1.0093663727272726   
0.9817921629552683   6.907102161023963e-5 ;  0.07680184427809214 40 1.0094600364545454   
0.9911728305041355   6.902931784101529e-5 ;  0.07687864612237022 50 1.0095546368190909   
1.000737829888757   6.898732841622817e-5 ;  0.07695552476849259 50 1.0096501831872817   
1.010491706303435   6.894504961189662e-5 ;  0.07703248029326107 50 1.0097466850191545   
1.0204391401230009   6.890247764522869e-5 ;  0.07710951277355432 250 1.0098441518693462   
1.0305849515704848   6.885960851954922e-5 ;  0.07718662228632787 210 1.0099425933880397   
1.0305849517315138   6.885960851954922e-5 ;  0.07726380890861419 0 1.009090909090909   
1.0400475953792303   6.882011447004988e-5 ;  0.07023982628055835 40 1.0091818181818182   
1.0496926185796516   6.878033136986987e-5 ;  0.07031006610683889 40 1.0092736363636363   
1.0595244308943355   6.874025551647578e-5 ;  0.07038037617294572 40 1.0093663727272726   
1.0695475706350774   6.869988306012853e-5 ;  0.07045075654911866 50 1.0094600364545454   
1.0797667092332366   6.865921004068035e-5 ;  0.07052120730566777 50 1.0095546368190909   
1.0901866557768656   6.861823239142022e-5 ;  0.07059172851297343 190 1.0096501831872817   
1.100812361722808   6.857694590336355e-5 ;  0.0706623202414864 40 1.0097466850191545   
1.111648925791261   6.853534624104948e-5 ;  0.07073298256172789 180 1.0098441518693462   
1.1227015990506546   6.849342893056965e-5 ;  0.0708037155442896 280 1.0099425933880397   
1.1339286150411612   6.845136503809159e-5 ;  0.07087451925983389 250 1.01   
1.1344955793486817   6.844925430799032e-5 ;  0.07094539377909372 50 1.009090909090909   
1.1449123114863378   6.841070085050001e-5 ;  0.06449581252644883 40 1.0091818181818182   
1.1555298119313124   6.837183890499986e-5 ;  0.06456030833897528 40 1.0092736363636363   
1.1663529348473363   6.833266425048804e-5 ;  0.06462486864731425 40 1.0093663727272726   
1.1773866761298581   6.829317252456768e-5 ;  0.06468949351596155 40 1.0094600364545454   
1.1886361782159154   6.825335928616343e-5 ;  0.06475418300947751 200 1.0095546368190909   
1.2001067350787293   6.821321990325495e-5 ;  0.06481893719248698 50 1.0096501831872817   
1.2118037974149076   6.81727496565178e-5 ;  0.06488375612967946 320 1.0097466850191545   
1.2237329780325104   6.813194367950876e-5 ;  0.06494863988580914 250 1.0098441518693462   
1.2359000574486225   6.809079696755336e-5 ;  0.06501358852569494 50 1.0099425933880397   
1.2365180074773467   6.80887196857697e-5 ;  0.06507860211422063 50 1.009090909090909   
1.2478714910005477   6.805076560614576e-5 ;  0.05916236555838239 40 1.0091818181818182   
1.2594437974366355   6.80124854135233e-5 ;  0.05922152792394077 40 1.0092736363636363   
1.2712402174724786   6.797387448418863e-5 ;  0.0592807494518647 50 1.0093663727272726   
1.2832661962722525   6.793492801094111e-5 ;  0.059340030201316556 140 1.0094600364545454   
1.29552733871985   6.789564111822285e-5 ;  0.05939937023151787 40 1.0095546368190909   
1.3080294148626281   6.78560087638036e-5 ;  0.05945876960174938 40 1.0096501831872817   
1.320778365565083   6.781602579265983e-5 ;  0.05951822837135112 290 1.0097466850191545   
1.3337803083814526   6.777568690017133e-5 ;  0.05957774659972247 180 1.0098441518693462   
1.3470415436566636   6.773498664165576e-5 ;  0.059637324346322185 50 1.0099425933880397   
1.3477150644284919   6.773293127344289e-5 ;  0.0596969616706685 50 1.009090909090909   
1.3600895391109717   6.769536611500625e-5 ;  0.05426996515515318 40 1.0091818181818182   
1.3727025149186727   6.765745719218359e-5 ;  0.054324235120308324 40 1.0092736363636363   
1.3855597583170653   6.761919945317067e-5 ;  0.054378559355428624 40 1.0093663727272726   
1.398667204140696   6.758058773818393e-5 ;  0.05443293791478405 40 1.0094600364545454   
1.4120309613070336   6.754161674138982e-5 ;  0.05448737085269883 40 1.0095546368190909   
1.42565731874976   6.75022810439741e-5 ;  0.05454185822355152 120 1.0096501831872817   
1.4395527515808664   6.746257509241733e-5 ;  0.05459640008177507 150 1.0097466850191545   
1.4537239274913636   6.742249318438742e-5 ;  0.05465099648185684 290 1.0098441518693462   
1.4681777134008744   6.738202947827978e-5 ;  0.05470564747833869 290 1.0099425933880397   
1.4828594905348833   6.734134804944211e-5 ;  0.05476035312581702 50 1.01   
1.4836009202801508   6.733930468517049e-5 ;  0.054815113478942835 50 1.009090909090909   
1.4972230741845411   6.730194794993839e-5 ;  0.049831921344493484 40 1.0091818181818182   
1.5111077765297742   6.726422780744512e-5 ;  0.04988175326583797 40 1.0092736363636363   
1.5252613751958322   6.722613880947442e-5 ;  0.049931635019103804 40 1.0093663727272726   
1.5396904034078949   6.718767539787549e-5 ;  0.0499815666541229 50 1.0094600364545454   
1.5544015860262967   6.714883191383528e-5 ;  0.05003154822077702 40 1.0095546368190909   
1.5694018460780517   6.710960250400654e-5 ;  0.05008157976899779 200 1.0096501831872817   
1.5846983115402542   6.706998122073176e-5 ;  0.05013166134876678 180 1.0097466850191545   
1.6002983223861529   6.702996196556683e-5 ;  0.05018179301011554 50 1.0098441518693462   
1.6162094379052006   6.69895385001783e-5 ;  0.050231974803125655 310 1.0099425933880397   
1.617017542624153   6.698749587832752e-5 ;  0.05028220677792877 50 1.009090909090909   
1.6318647036973386   6.695014368458565e-5 ;  0.045711097070844336 40 1.0091818181818182   
1.6469980235540809   6.691241068013299e-5 ;  0.04575680816791518 40 1.0092736363636363   
1.6624244209237697   6.68742911252931e-5 ;  0.045802564976083086 50 1.0093663727272726   
1.678151016548635   6.683577913167205e-5 ;  0.045848367541059164 40 1.0094600364545454   
1.6941851400393455   6.679686870773604e-5 ;  0.04589421590860022 40 1.0095546368190909   
1.7105343369938957   6.675755371909168e-5 ;  0.04594011012450881 160 1.0096501831872817   
1.7272063763910235   6.671782787964463e-5 ;  0.04598605023463331 190 1.0097466850191545   
1.7442092582699198   6.667768478518141e-5 ;  0.04603203628486794 280 1.0098441518693462   
1.761551221708552   6.663711788026395e-5 ;  0.046078068321152806 50 1.0099425933880397   
1.7624319973194063   6.663506752793505e-5 ;  0.04612414638947395 50 1.009090909090909   
1.7786143274766117   6.659756578532373e-5 ;  0.04193104217224904 40 1.0091818181818182   
1.7951085499807835   6.655966617765968e-5 ;  0.04197297321442129 40 1.0092736363636363   
1.8119222057458173   6.652136268270502e-5 ;  0.04201494618763571 40 1.0093663727272726   
1.829063055864973   6.648264914143739e-5 ;  0.04205696113382334 200 1.0094600364545454   
1.8465390890829794   6.644351927809685e-5 ;  0.042099018094957155 50 1.0095546368190909   
1.8643585295551064   6.640396667987843e-5 ;  0.04214111711305211 190 1.0096501831872817   
1.8825298449054542   6.636398479860782e-5 ;  0.04218325823016516 330 1.0097466850191545   
1.90106175459728   6.632356695080775e-5 ;  0.04222544148839532 50 1.0098441518693462   
1.9199632386287941   6.628270631500063e-5 ;  0.04226766692988371 50 1.0099425933880397   
1.9209232202481084   6.628064068316834e-5 ;  0.042309934596813585 50 1.009090909090909   
1.9385607879976592   6.624285254710848e-5 ;  0.03846357690619417 40 1.0091818181818182   
1.9565382958143538   6.62046499585411e-5 ;  0.03850204048310036 40 1.0092736363636363   
1.9748639627481337   6.61660266757949e-5 ;  0.03854054252358346 40 1.0093663727272726   
1.993546247828499   6.612697628972182e-5 ;  0.03857908306610704 40 1.0094600364545454   
2.012593858208562   6.608749228276054e-5 ;  0.038617662149173136 40 1.0095546368190909   
2.0320157576218727   6.604756805711876e-5 ;  0.0386562798113223 40 1.0096501831872817   
2.051821175165372   6.600719677275592e-5 ;  0.03869493609113362 50 1.0097466850191545   
2.07201961442244   6.596637155788942e-5 ;  0.03873363102722475 290 1.0098441518693462   
2.0926208629406853   6.592508536070223e-5 ;  0.03877236465825197 50 1.0099425933880397   
2.113547071570092   6.588350496922974e-5 ;  0.03881113702291022 50 1.01   
2.114603845105877   6.588141456052888e-5 ;  0.038849948159933125 50 1.009090909090909   
2.134019753138213   6.584316631522673e-5 ;  0.03531813469084829 40 1.0091818181818182   
2.153809876321634   6.580448590221e-5 ;  0.03535345282553913 40 1.0092736363636363   
2.173983262406943   6.576536683112469e-5 ;  0.035388806278364666 40 1.0093663727272726   
2.1945492233208843   6.572580250709687e-5 ;  0.03542419508464303 40 1.0094600364545454   
2.2155173441313334   6.568578621729574e-5 ;  0.03545961927972767 50 1.0095546368190909   
2.2368974923568006   6.564531109637663e-5 ;  0.035495078899007396 270 1.0096501831872817   
2.258699827634939   6.560437017791156e-5 ;  0.0355305739779064 300 1.0097466850191545   
2.280934811765443   6.556295636033356e-5 ;  0.0355661045518843 50 1.0098441518693462   
2.3036132191434517   6.552106241870234e-5 ;  0.035601670656436185 50 1.0099425933880397   
2.3047650257530234   6.551894385664291e-5 ;  0.035637272327092614 50 1.009090909090909   
2.325926959171301   6.548017580670314e-5 ;  0.03239752029735692 40 1.0091818181818182   
2.347496759999034   6.544096056256636e-5 ;  0.03242991781765427 40 1.0092736363636363   
2.36948428962925   6.540129150066161e-5 ;  0.03246234773547192 130 1.0093663727272726   
2.391899697387615   6.536116186317904e-5 ;  0.03249481008320739 40 1.0094600364545454   
2.4147534303038474   6.53205648263546e-5 ;  0.032527304893290594 50 1.0095546368190909   
2.4380562432583965   6.527949338516059e-5 ;  0.03255983219818388 220 1.0096501831872817   
2.4618192095204194   6.523794045332203e-5 ;  0.03259239203038206 50 1.0097466850191545   
2.4860537316938123   6.51958988125741e-5 ;  0.03262498442241244 50 1.0098441518693462   
2.510771553088863   6.515336112215748e-5 ;  0.03265760940683485 50 1.0099425933880397   
2.5120269388654073   6.515120978783527e-5 ;  0.03269026701624168 390 1.009090909090909   
2.535091913485899   6.511183816286005e-5 ;  0.029718424560219704 40 1.0091818181818182   
2.558601434039962   6.507200531934303e-5 ;  0.02974814298477992 40 1.0092736363636363   
2.5825662487317147   6.503170458742055e-5 ;  0.029777891127764695 40 1.0093663727272726   
2.6069974195909955   6.499092906064816e-5 ;  0.029807669018892455 40 1.0094600364545454   
2.6319063331234944   6.49496718891367e-5 ;  0.029837476687911344 120 1.0095546368190909   
2.657304711369903   6.490792594936083e-5 ;  0.029867314164599253 50 1.0096501831872817   
2.6832046233915405   6.486568409114758e-5 ;  0.02989718147876385 50 1.0097466850191545   
2.7096184972007387   6.482293904815892e-5 ;  0.02992707866024261 50 1.0098441518693462   
2.736559132155117   6.477968342713102e-5 ;  0.02995700573890285 50 1.0099425933880397   
2.7379274117211945   6.477749561427097e-5 ;  0.02998696274464175 50 1.009090909090909   
2.7630665634106344   6.473745387269842e-5 ;  0.027260875222401587 40 1.0091818181818182   
2.788690237968227   6.469693817638687e-5 ;  0.027288136097623986 40 1.0092736363636363   
2.814810150157944   6.465594167651762e-5 ;  0.027315424233721606 40 1.0093663727272726   
2.8414383567910626   6.461445754889896e-5 ;  0.027342739657955323 40 1.0094600364545454   
2.8685872683340357   6.457247881093203e-5 ;  0.027370082397613276 50 1.0095546368190909   
2.896269660962163   6.452999840187184e-5 ;  0.027397452480010888 50 1.0096501831872817   
2.924498689078095   6.448700912833814e-5 ;  0.027424849932490895 50 1.0097466850191545   
2.953287898315083   6.444350372039445e-5 ;  0.027452274782423382 50 1.0098441518693462   
2.9826512390458486   6.439947481086241e-5 ;  0.0274797270572058 50 1.0099425933880397   
2.9841425646653716   6.439724779153988e-5 ;  0.027507206784263005 50 1.009090909090909   
3.0115424191227538   6.435648686875223e-5 ;  0.025006551622057276 40 1.0091818181818182   
3.0394703684113638   6.431524051918272e-5 ;  0.02503155817367933 40 1.0092736363636363   
3.0679391807754053   6.427350201706058e-5 ;  0.025056589731853006 40 1.0093663727272726   
3.096961997265869   6.423126449988406e-5 ;  0.025081646321584855 50 1.0094600364545454   
3.1265523443922705   6.418852103969734e-5 ;  0.025106727967906438 40 1.0095546368190909   
3.156724147260281   6.414526455921255e-5 ;  0.025131834695874343 50 1.0096501831872817   
3.187491743215986   6.410148796978475e-5 ;  0.025156966530570216 50 1.0097466850191545   
3.218869896018491   6.405718403765778e-5 ;  0.02518212349710078 50 1.0098441518693462   
3.2508738105636046   6.401234544608558e-5 ;  0.025207305620597878 50 1.0099425933880397   
3.2833825486692407   6.396715393735886e-5 ;  0.025232512926218472 50 1.01   
3.283382549182269   6.396715393735886e-5 ;  0.025257745439144687 0 1.009090909090909   
3.3135299707702153   6.392555868268302e-5 ;  0.022961586762858806 40 1.0091818181818182   
3.344258442799149   6.388346719957707e-5 ;  0.022984548349621662 40 1.0092736363636363   
3.375582013870734   6.384087283325271e-5 ;  0.02300753289797128 50 1.0093663727272726   
3.407515142777259   6.379776881335301e-5 ;  0.02303054043086925 50 1.0094600364545454   
3.4400727124220483   6.375414828260354e-5 ;  0.023053570971300116 50 1.0095546368190909   
3.47327004427449   6.371000431947814e-5 ;  0.023076624542271412 50 1.0096501831872817   
3.5071229133824984   6.366532991798485e-5 ;  0.02309970116681368 50 1.0097466850191545   
3.5416475639662996   6.362011798004697e-5 ;  0.023122800867980492 50 1.0098441518693462   
3.576860725618558   6.357436134944769e-5 ;  0.02314592366884847 50 1.0099425933880397   
3.578649155981367   6.357204693439938e-5 ;  0.023169069592517313 50 1.009090909090909   
3.611507661868105   6.352968643253196e-5 ;  0.0210627905386521 50 1.0091818181818182   
3.644999470648756   6.348682184765605e-5 ;  0.02108385332919075 40 1.0092736363636363   
3.679139894281563   6.34434466058968e-5 ;  0.02110493718251994 40 1.0093663727272726   
3.713944691802839   6.33995540890746e-5 ;  0.021126042119702457 50 1.0094600364545454   
3.7494300844992057   6.335513758358343e-5 ;  0.021147168161822157 220 1.0095546368190909   
3.785612771662528   6.331019032734091e-5 ;  0.021168315329983978 50 1.0096501831872817   
3.8225099469524113   6.326470545982681e-5 ;  0.02118948364531396 50 1.0097466850191545   
3.8601393153922974   6.321867608095654e-5 ;  0.021210673128959273 50 1.0098441518693462   
3.898519111026429   6.317209522979746e-5 ;  0.02123188380208823 50 1.0099425933880397   
3.9004683705819416   6.316973920306426e-5 ;  0.021253115685890316 130 1.009090909090909   
3.936281761984558   6.312661876496676e-5 ;  0.019321014259900286 40 1.0091818181818182   
3.9727854076700164   6.308298824969313e-5 ;  0.019340335274160184 50 1.0092736363636363   
4.009995996563723   6.303884128848342e-5 ;  0.019359675609434343 50 1.0093663727272726   
4.047930704873797   6.299417142530973e-5 ;  0.019379035285043776 50 1.0094600364545454   
4.086607212627713   6.29489721453731e-5 ;  0.01939841432032882 50 1.0095546368190909   
4.126043720844037   6.290323689527926e-5 ;  0.019417812734649147 250 1.0096501831872817   
4.166258969366364   6.285695904576439e-5 ;  0.019437230547383794 50 1.0097466850191545   
4.207272255387832   6.281013192332933e-5 ;  0.019456667777931175 50 1.0098441518693462   
4.249103452695934   6.27627487961639e-5 ;  0.019476124445709102 50 1.0099425933880397   
4.251228004422282   6.276035233750864e-5 ;  0.01949560057015481 270 1.009090909090909   
4.290262007008342   6.271649414740792e-5 ;  0.01772327324559528 40 1.0091818181818182   
4.330048336766062   6.26721219375057e-5 ;  0.017740996518840875 50 1.0092736363636363   
4.37060518341532   6.26272295334053e-5 ;  0.017758737515359713 50 1.0093663727272726   
4.4119512677788535   6.25818106851862e-5 ;  0.01777649625287507 40 1.0094600364545454   
4.454105859806008   6.253585914649377e-5 ;  0.017794272749127944 50 1.0095546368190909   
4.497088797288681   6.248936861161918e-5 ;  0.01781206702187707 50 1.0096501831872817   
4.540920505299022   6.244233271378162e-5 ;  0.017829879088898947 50 1.0097466850191545   
4.585622016379814   6.239474508600625e-5 ;  0.017847708967987843 50 1.0098441518693462   
4.631214991519921   6.234659923418346e-5 ;  0.01786555667695583 60 1.0099425933880397   
4.633530599015681   6.234416439525672e-5 ;  0.017883422233632783 200 1.009090909090909   
4.676074834515734   6.229960685360652e-5 ;  0.016257656576029803 40 1.0091818181818182   
4.719439052140183   6.225453337896852e-5 ;  0.01627391423260583 50 1.0092736363636363   
4.763643077366174   6.220893805977649e-5 ;  0.016290188146838434 50 1.0093663727272726   
4.808707314534501   6.216281493322685e-5 ;  0.01630647833498527 50 1.0094600364545454   
4.854652766494183   6.211615802250226e-5 ;  0.016322784813320255 50 1.0095546368190909   
4.901501055001496   6.206896130182515e-5 ;  0.016339107598133572 50 1.0096501831872817   
4.94927444190565   6.202121874542101e-5 ;  0.016355446705731705 50 1.0097466850191545   
4.997995851154842   6.197292425373692e-5 ;  0.016371802152437435 60 1.0098441518693462   
5.047688891657984   6.192407173673813e-5 ;  0.01638817395458987 50 1.0099425933880397   
5.050212736103813   6.192160137883862e-5 ;  0.01640456212854446 210 1.009090909090909   
5.096582871226221   6.187639792801007e-5 ;  0.014913238298676782 40 1.0091818181818182   
5.14384672747111   6.183067871115897e-5 ;  0.014928151536975456 50 1.0092736363636363   
5.192025913172566   6.178443808550352e-5 ;  0.014943079688512429 40 1.0093663727272726   
5.241142667584123   6.173767045576783e-5 ;  0.01495802276820094 50 1.0094600364545454   
5.291219882289931   6.169037010470794e-5 ;  0.01497298079096914 50 1.0095546368190909   
5.342281123438216   6.164253134743299e-5 ;  0.014987953771760107 50 1.0096501831872817   
5.394350654832143   6.159414848934875e-5 ;  0.015002941725531866 50 1.0097466850191545   
5.447453461914818   6.154521577769215e-5 ;  0.015017944667257397 50 1.0098441518693462   
5.501615276686906   6.149572751914507e-5 ;  0.015032962611924652 50 1.0099425933880397   
5.556631429453776   6.144588644984469e-5 ;  0.015047995574536574 50 1.01   
5.559409745168503   6.144338078769246e-5 ;  0.01506304357011111 40 1.009090909090909   
5.610455234646869   6.13975364479776e-5 ;  0.01369367597282828 40 1.0091818181818182   
5.662484556327444   6.135117888582154e-5 ;  0.013707369648801107 50 1.0092736363636363   
5.715521497244431   6.130430287448035e-5 ;  0.013721077018449906 50 1.0093663727272726   
5.769590538965102   6.125690311940509e-5 ;  0.013734798095468355 190 1.0094600364545454   
5.824716881159776   6.120897433343326e-5 ;  0.013748532893563821 50 1.0095546368190909   
5.88092646607702   6.116051121201368e-5 ;  0.013762281426457383 50 1.0096501831872817   
5.938246003962683   6.111150845034524e-5 ;  0.013776043707883838 60 1.0097466850191545   
5.9967029994632295   6.106196073652041e-5 ;  0.013789819751591721 50 1.0098441518693462   
6.05632577905573   6.10118627617079e-5 ;  0.013803609571343311 340 1.0099425933880397   
6.059353941945258   6.100933002851745e-5 ;  0.013817413180914652 50 1.009090909090909   
6.114989828139482   6.0962995302362856e-5 ;  0.01256128470992241 50 1.0091818181818182   
6.1716980201729825   6.0916151721729816e-5 ;  0.012573845994632332 50 1.0092736363636363   
6.229504444190093   6.0868794348470716e-5 ;  0.012586419840626962 50 1.0093663727272726   
6.288435783325884   6.082091829521682e-5 ;  0.012599006260467588 50 1.0094600364545454   
6.348519503395738   6.077251847091549e-5 ;  0.012611605266728054 50 1.0095546368190909   
6.409783879571537   6.07235900767484e-5 ;  0.01262421687199478 50 1.0096501831872817   
6.4722580240865755   6.067412813739519e-5 ;  0.012636841088866774 50 1.0097466850191545   
6.5359719150132785   6.0624127762789634e-5 ;  0.01264947792995564 50 1.0098441518693462   
6.600956426159903   6.057358395702254e-5 ;  0.012662127407885594 60 1.0099425933880397   
6.604256904372983   6.0571028987954215e-5 ;  0.012674789535293478 50 1.009090909090909   
6.664895990494953   6.052429319238218e-5 ;  0.01152253594117589 50 1.0091818181818182   
6.726703812312261   6.047705459358418e-5 ;  0.011534058477117064 50 1.0092736363636363   
6.789708627444343   6.0429308637531995e-5 ;  0.01154559253559418 50 1.0093663727272726   
6.853939518575708   6.038105070521899e-5 ;  0.011557138128129774 50 1.0094600364545454   
6.9194264214557135   6.033227623823744e-5 ;  0.011568695266257903 50 1.0095546368190909   
6.986200153973678   6.0282980616008096e-5 ;  0.01158026396152416 60 1.0096501831872817   
7.054292446355229   6.023315930490708e-5 ;  0.011591844225485683 350 1.0097466850191545   
7.123735972527931   6.018280767341467e-5 ;  0.011603436069711167 60 1.0098441518693462   
7.1945643827065275   6.013192142034701e-5 ;  0.011615039505780878 50 1.0099425933880397   
7.198161664897881   6.0129349483976e-5 ;  0.011626654545286658 50 1.009090909090909   
7.264253876548307   6.0082308682184555e-5 ;  0.010569685950260598 40 1.0091818181818182   
7.331619925452551   6.003477270111028e-5 ;  0.010580255636210857 50 1.0092736363636363   
7.400290610369038   5.998673727536136e-5 ;  0.010590835891847067 50 1.0093663727272726   
7.4702976293173595   5.993819819652714e-5 ;  0.010601426727738913 50 1.0094600364545454   
7.5416736100960025   5.9889151168212004e-5 ;  0.01061202815446665 170 1.0095546368190909   
7.614452141972117   5.983959201663533e-5 ;  0.010622640182621115 60 1.0096501831872817   
7.688667808593346   5.978951650114091e-5 ;  0.010633262822803736 50 1.0097466850191545   
7.764356222174092   5.973892044464852e-5 ;  0.010643896085626539 50 1.0098441518693462   
7.841554059011065   5.968779968244737e-5 ;  0.010654539981712164 60 1.0099425933880397   
7.84547483604057   5.9685216236765515e-5 ;  0.010665194521693875 50 1.009090909090909   
7.917510559535125   5.96379706403516e-5 ;  0.009695631383358067 50 1.0091818181818182   
7.990934673369504   5.9590238750195236e-5 ;  0.009705327014741425 50 1.0092736363636363   
8.06578074595957   5.9542016639330166e-5 ;  0.009715032341756165 50 1.0093663727272726   
8.142083325850718   5.9493300339800584e-5 ;  0.00972474737409792 50 1.0094600364545454   
8.219877974979998   5.944408603968744e-5 ;  0.009734472121472017 50 1.0095546368190909   
8.299201303215657   5.939436976474391e-5 ;  0.009744206593593489 50 1.0096501831872817   
8.380091004228657   5.934414767846273e-5 ;  0.00975395080018708 50 1.0097466850191545   
8.462585892753225   5.929341590647614e-5 ;  0.009763704750987267 60 1.0098441518693462   
8.54672594329623   5.9242170616232086e-5 ;  0.009773468455738253 50 1.0099425933880397   
8.550999306267878   5.923958120702464e-5 ;  0.00978324192419399 50 1.009090909090909   
8.629513027170884   5.9192232368955564e-5 ;  0.008893856294721808 50 1.0091818181818182   
8.70953999298013   5.9144407139117025e-5 ;  0.008902750151016528 40 1.0092736363636363   
8.791116790837469   5.909610185973915e-5 ;  0.008911652901167544 50 1.0093663727272726   
8.874281076154958   5.904731288317101e-5 ;  0.00892056455406871 50 1.0094600364545454   
8.959071608868149   5.899803662794978e-5 ;  0.008929485118622777 50 1.0095546368190909   
9.045528291081702   5.894826951263027e-5 ;  0.0089384146037414 50 1.0096501831872817   
9.133692206166726   5.8898007946350186e-5 ;  0.00894735301834514 50 1.0097466850191545   
9.223605659372096   5.884724842575501e-5 ;  0.008956300371363484 50 1.0098441518693462   
9.315312220014855   5.87959874163541e-5 ;  0.008965256671734846 50 1.0099425933880397   
9.319969876124862   5.879339754240166e-5 ;  0.00897422192840658 340 1.009090909090909   
9.405544144987463   5.874604568002051e-5 ;  0.008158383571278708 50 1.0091818181818182   
9.492767741190205   5.8698227956349895e-5 ;  0.008166541954849987 50 1.0092736363636363   
9.581680542067621   5.8649941023508316e-5 ;  0.008174708496804836 50 1.0093663727272726   
9.67232358929139   5.860118153406093e-5 ;  0.00818288320530164 50 1.0094600364545454   
9.764739128383795   5.8551946139853566e-5 ;  0.008191066088506942 50 1.0095546368190909   
9.858970649748716   5.850223145647497e-5 ;  0.008199257154595447 60 1.0096501831872817   
9.955062931284907   5.845203436390669e-5 ;  0.008207456411750042 60 1.0097466850191545   
10.053062082649374   5.84013514398722e-5 ;  0.00821566386816179 50 1.0098441518693462   
10.153015591241877   5.835017949218335e-5 ;  0.008223879532029951 60 1.0099425933880397   
10.254545747154296   5.8298730379652215e-5 ;  0.00823210341156198 50 1.01   
10.25454574875657   5.8298730379652215e-5 ;  0.008240335514973541 0 1.009090909090909   
10.34870112335879   5.8251487493808364e-5 ;  0.007491214104521401 50 1.0091818181818182   
10.444671214412773   5.820379103273724e-5 ;  0.007498705318625921 50 1.0092736363636363   
10.542499898020779   5.8155637725231755e-5 ;  0.007506204023944547 50 1.0093663727272726   
10.642232331378096   5.810702454300102e-5 ;  0.00751371022796849 50 1.0094600364545454   
10.743914996248801   5.805794840197891e-5 ;  0.007521223938196458 60 1.0095546368190909   
10.847595744111185   5.800840623563585e-5 ;  0.007528745162134654 50 1.0096501831872817   
10.953323843044158   5.7958395019883194e-5 ;  0.007536273907296788 60 1.0097466850191545   
11.061150026429216   5.790791168565553e-5 ;  0.007543810181204084 60 1.0098441518693462   
11.171126543546107   5.7856953290331334e-5 ;  0.007551353991385287 50 1.0099425933880397   
11.176712106817881   5.785437933848115e-5 ;  0.007558905345376671 50 1.009090909090909   
11.27933464525321   5.7807329069562293e-5 ;  0.00687173213216061 50 1.0091818181818182   
11.383935093177053   5.7759836225818246e-5 ;  0.00687860386429277 50 1.0092736363636363   
11.490561272362827   5.771189779201305e-5 ;  0.006885482468157062 50 1.0093663727272726   
11.599262400882568   5.766351097381724e-5 ;  0.006892367950625218 170 1.0094600364545454   
11.710089140492336   5.761467276440576e-5 ;  0.006899260318575843 50 1.0095546368190909   
11.823093645837485   5.756538036754969e-5 ;  0.006906159578894418 50 1.0096501831872817   
11.93832961555543   5.751563089461804e-5 ;  0.0069130657384733115 60 1.0097466850191545   
12.055852345357271   5.746542156043599e-5 ;  0.006919978804211784 220 1.0098441518693462   
12.175718783173403   5.741474951556027e-5 ;  0.006926898783015995 60 1.0099425933880397   
12.18180664256499   5.741219024109406e-5 ;  0.00693382568179901 50 1.009090909090909   
12.293657776283085   5.7365413389873437e-5 ;  0.006303477892544554 50 1.0091818181818182   
12.407664688079324   5.731820485581035e-5 ;  0.006309781370437098 50 1.0092736363636363   
12.523879500222893   5.727056179321916e-5 ;  0.006316091151807535 60 1.0093663727272726   
12.642355856847336   5.7222481462369744e-5 ;  0.006322407242959341 50 1.0094600364545454   
12.763148975597218   5.7173961154307514e-5 ;  0.0063287296502023 50 1.0095546368190909   
12.8863157012583   5.712499811206959e-5 ;  0.006335058379852501 290 1.0096501831872817   
13.01191456145585   5.707558961998943e-5 ;  0.006341393438232353 50 1.0097466850191545   
13.140005824509778   5.702573300234653e-5 ;  0.006347734831670585 50 1.0098441518693462   
13.270651559539353   5.6975425601884426e-5 ;  0.0063540825665022544 490 1.0099425933880397   
13.277286885319123   5.6972884984505826e-5 ;  0.006360436649068756 50 1.009090909090909   
13.399196519447962   5.692645280079185e-5 ;  0.00578221513551705 150 1.0091818181818182   
13.523455795534224   5.687959939235456e-5 ;  0.0057879973506525665 50 1.0092736363636363   
13.650121523075992   5.683232206460147e-5 ;  0.005793785348003218 50 1.0093663727272726   
13.779252170293265   5.678461822801599e-5 ;  0.005799579133351221 60 1.0094600364545454   
13.910907920419087   5.673648521413875e-5 ;  0.005805378712484571 50 1.0095546368190909   
14.045150730152539   5.668792042936846e-5 ;  0.005811184091197056 140 1.0096501831872817   
14.182044390365885   5.6638921270586574e-5 ;  0.005816995275288252 50 1.0097466850191545   
14.321654589162456   5.6589485202373433e-5 ;  0.0058228122705635404 310 1.0098441518693462   
14.464048977386451   5.653960955186201e-5 ;  0.005828635082834104 60 1.0099425933880397   
14.471281001875145   5.653709096584474e-5 ;  0.0058344637179169375 50 1.009090909090909   
14.604153672892362   5.649106419070969e-5 ;  0.005304057925379034 60 1.0091818181818182   
14.73958728345343   5.6444626162631786e-5 ;  0.005309361983304412 50 1.0092736363636363   
14.877643751796422   5.6397774232906196e-5 ;  0.005314671345287716 440 1.0093663727272726   
15.018386804046155   5.63505059745869e-5 ;  0.005319986016633003 50 1.0094600364545454   
15.161882035567443   5.6302818738053175e-5 ;  0.005325306002649635 60 1.0095546368190909   
15.308196974674624   5.625471003920839e-5 ;  0.005330631308652284 60 1.0096501831872817   
15.457401148797953   5.620617736510549e-5 ;  0.005335961939960936 310 1.0097466850191545   
15.609566153212125   5.615721819413414e-5 ;  0.005341297901900896 590 1.0098441518693462   
15.76476572243722   5.610783005288743e-5 ;  0.005346639199802796 370 1.0099425933880397   
15.772648105298437   5.610533620656177e-5 ;  0.005351985839002598 50 1.009090909090909   
15.917469692447087   5.6059765132878753e-5 ;  0.0048654416718205435 50 1.0091818181818182   
16.065082518204044   5.60137920780396e-5 ;  0.004870307113492364 50 1.0092736363636363   
16.215554068963932   5.596741458143414e-5 ;  0.004875177420605855 50 1.0093663727272726   
16.368953801586983   5.59206301745841e-5 ;  0.004880052598026461 50 1.0094600364545454   
16.525353210269625   5.587343630652296e-5 ;  0.004884932650624487 50 1.0095546368190909   
16.68482589598326   5.582583060859249e-5 ;  0.004889817583275111 50 1.0096501831872817   
16.84744763859084   5.577781055632655e-5 ;  0.004894707400858385 50 1.0097466850191545   
17.013296471755986   5.572937377645668e-5 ;  0.004899602108259243 480 1.0098441518693462   
17.182452760764825   5.568051776613373e-5 ;  0.004904501710367502 410 1.0099425933880397   
17.191043987145203   5.5678050978166076e-5 ;  0.004909406212077869 50 1.009090909090909   
17.348889027390808   5.563297564402964e-5 ;  0.004463096556434426 50 1.0091818181818182   
17.50977631554391   5.55875071295416e-5 ;  0.00446755965299086 510 1.0092736363636363   
17.673779406886464   5.554164283196609e-5 ;  0.0044720272126438495 250 1.0093663727272726   
17.840974004365204   5.549538037630514e-5 ;  0.004476499239856493 50 1.0094600364545454   
18.011438031475755   5.544871752483915e-5 ;  0.004480975739096349 50 1.0095546368190909   
18.18525170794587   5.540165163373082e-5 ;  0.004485456714835445 60 1.0096501831872817   
18.36249762833726   5.535418039704913e-5 ;  0.004489942171550279 60 1.0097466850191545   
18.54326084369112   5.530630138781605e-5 ;  0.004494432113721829 490 1.0098441518693462   
18.727628946348297   5.525801226503113e-5 ;  0.004498926545835551 60 1.0099425933880397   
18.73699276082147   5.52555742261906e-5 ;  0.004503425472381386 400 1.009090909090909   
18.909032421625376   5.5211025768593385e-5 ;  0.004094023156710351 50 1.0091818181818182   
19.08438791229174   5.516609218958253e-5 ;  0.0040981171798670606 200 1.0092736363636363   
19.26313940275012   5.51207711189127e-5 ;  0.004102215297046927 50 1.0093663727272726   
19.445369403729128   5.507506009008974e-5 ;  0.004106317512343974 220 1.0094600364545454   
19.631162846194822   5.502895681709315e-5 ;  0.0041104238298563175 50 1.0095546368190909   
19.820607163839963   5.4982458855446515e-5 ;  0.004114534253686173 60 1.0096501831872817   
20.01379237875431   5.493556397738053e-5 ;  0.004118648787939859 280 1.0097466850191545   
20.21081119041233   5.488826974449711e-5 ;  0.004122767436727798 550 1.0098441518693462   
20.411759068121043   5.4840573888516905e-5 ;  0.004126890204164526 930 1.0099425933880397   
20.615876658802254   5.4792674095461105e-5 ;  0.00413101709436869 610 1.01   
20.615876662023485   5.4792674095461105e-5 ;  0.004135148111463058 0 1.009090909090909   
20.805167893192973   5.47487377299782e-5 ;  0.0037592255558755072 60 1.0091818181818182   
20.998107454718845   5.470442459030666e-5 ;  0.0037629847814313823 50 1.0092736363636363   
21.194783555707062   5.4659732652859625e-5 ;  0.0037667477662128132 50 1.0093663727272726   
21.39528698079025   5.4614659319581504e-5 ;  0.0037705145139790256 50 1.0094600364545454   
21.599711177531923   5.456920238674387e-5 ;  0.003774285028493004 250 1.0095546368190909   
21.808152347187484   5.452335954129585e-5 ;  0.003778059313521497 240 1.0096501831872817   
22.020709538965257   5.447712848858118e-5 ;  0.0037818373728350178 60 1.0097466850191545   
22.23748474793759   5.44305069729977e-5 ;  0.0037856192102078525 1350 1.0098441518693462   
22.458583016759068   5.438349279779915e-5 ;  0.00378940482941806 590 1.0099425933880397   
22.469812308267446   5.438111928737719e-5 ;  0.0037931942342474775 310 1.009090909090909   
22.67612603946154   5.433775314832032e-5 ;  0.0034483583947704337 310 1.0091818181818182   
22.88641618648749   5.429401774793384e-5 ;  0.003451806753165204 60 1.0092736363636363   
23.100778890881617   5.424991069263248e-5 ;  0.0034552585599183687 60 1.0093663727272726   
23.31931310131775   5.420542988426947e-5 ;  0.003458713818478287 60 1.0094600364545454   
23.542120668871508   5.4160573000390717e-5 ;  0.0034621725322967647 60 1.0095546368190909   
23.769306445943208   5.411533790067046e-5 ;  0.003465634704829061 180 1.0096501831872817   
24.000978388995577   5.4069722340911634e-5 ;  0.00346910033953389 460 1.0097466850191545   
24.237247665269745   5.4023724149724066e-5 ;  0.0034725694398734233 510 1.0098441518693462   
24.478228763650737   5.397734114744187e-5 ;  0.003476042009313296 940 1.0099425933880397   
24.49046787803256   5.397499958929394e-5 ;  0.003479518051322609 50 1.009090909090909   
24.715334901276314   5.393221828405734e-5 ;  0.003163198228475099 900 1.0091818181818182   
24.944535929756242   5.388907482977031e-5 ;  0.003166361426703574 50 1.0092736363636363   
25.178175750783183   5.384556731230073e-5 ;  0.0031695277881302773 410 1.0093663727272726   
25.416362211244543   5.3801693429361277e-5 ;  0.0031726973159184073 510 1.0094600364545454   
25.659206321435448   5.3757451116754765e-5 ;  0.0031758700132343254 1550 1.0095546368190909   
25.90682236287756   5.3712838351249644e-5 ;  0.0031790458832475594 220 1.0096501831872817   
26.159328000295716   5.3667852869304395e-5 ;  0.0031822249291308066 60 1.0097466850191545   
26.416844397930667   5.362249277144242e-5 ;  0.003185407154059937 450 1.0098441518693462   
26.679496340374406   5.3576755932482934e-5 ;  0.003188592561213997 2490 1.0099425933880397   
26.692836088544592   5.3574447065311616e-5 ;  0.0031917811537752103 50 1.009090909090909   
26.937924856266683   5.3532264324940416e-5 ;  0.0029016192307047364 220 1.0091818181818182   
27.18773737577466   5.3489727030012584e-5 ;  0.002904520849935441 60 1.0092736363636363   
27.442387857647365   5.344683321029623e-5 ;  0.002907425370785376 410 1.0093663727272726   
27.701993847180482   5.3403580823554614e-5 ;  0.002910332796156161 60 1.0094600364545454   
27.966676337554983   5.3359967964013626e-5 ;  0.0029132431289523165 60 1.0095546368190909   
28.236559887351806   5.331599259769211e-5 ;  0.0029161563720812686 1750 1.0096501831872817   
28.511772742598318   5.3271652844381465e-5 ;  0.0029190725284533496 60 1.0097466850191545   
28.79244696354074   5.322694682611039e-5 ;  0.0029219916009818026 1700 1.0098441518693462   
29.078718556345926   5.318187260643364e-5 ;  0.002924913592582784 610 1.0099425933880397   
29.093257915624097   5.317959725186124e-5 ;  0.0029278385061753663 50 1.009090909090909   
29.3603869201221   5.313802858830287e-5 ;  0.0026616713692503326 160 1.0091818181818182   
29.632664471914975   5.3096113409797376e-5 ;  0.0026643330406195824 830 1.0092736363636363   
29.91021505226114   5.305384979968261e-5 ;  0.0026669973736602017 60 1.0093663727272726   
30.193166777018824   5.301123598876463e-5 ;  0.0026696643710338616 60 1.0094600364545454   
30.48165151999148   5.2968270083136274e-5 ;  0.0026723340354048953 540 1.0095546368190909   
30.775805041010283   5.292495049485602e-5 ;  0.0026750063694403 840 1.0096501831872817   
31.07576711895592   5.288127531782355e-5 ;  0.00267768137580974 1890 1.0097466850191545   
31.381681689931355   5.283724296485338e-5 ;  0.0026803590571855495 840 1.0098441518693462   
31.693696990807233   5.2792851728982264e-5 ;  0.0026830394162427346 60 1.0099425933880397   
31.709543839302636   5.279061090948599e-5 ;  0.002685722455658977 50 1.009090909090909   
32.00069510546351   5.274967573537132e-5 ;  0.002441565868780888 190 1.0091818181818182   
32.29745791525517   5.270840273470747e-5 ;  0.002444007434649669 1120 1.0092736363636363   
32.59996794423285   5.266679021926843e-5 ;  0.0024464514420843185 300 1.0093663727272726   
32.90836482940231   5.262483661530802e-5 ;  0.0024488978935264024 1100 1.0094600364545454   
33.22279230365739   5.2582540371921735e-5 ;  0.0024513467914199284 1420 1.0095546368190909   
33.5433983353807   5.2539899873876674e-5 ;  0.002453798138211348 60 1.0096501831872817   
33.87033527342769   5.249691365879569e-5 ;  0.002456251936349559 70 1.0097466850191545   
34.20375999772499   5.245358036714797e-5 ;  0.0024587081882859086 900 1.0098441518693462   
34.54383407572446   5.240989848640308e-5 ;  0.0024611668964741942 2630 1.0099425933880397   
34.56110599276232   5.2407693617991746e-5 ;  0.0024636280633706683 300 1.009090909090909   
34.87843978415041   5.2367417011343305e-5 ;  0.0022396618757915166 50 1.0091818181818182   
35.201889751639605   5.232681233125639e-5 ;  0.002241901537667308 1670 1.0092736363636363   
35.531603771757815   5.2285877966886236e-5 ;  0.002244143439204975 1240 1.0093663727272726   
35.86773403872711   5.2244612747129325e-5 ;  0.0022463875826441797 60 1.0094600364545454   
36.21043721099089   5.2203015276155654e-5 ;  0.0022486339702268237 420 1.0095546368190909   
36.55987456336852   5.216108429850386e-5 ;  0.00225088260419705 1510 1.0096501831872817   
36.91621214507747   5.211881863832623e-5 ;  0.002253133486801247 930 1.0097466850191545   
37.27962094387462   5.207621709662715e-5 ;  0.0022553866202880478 1220 1.0098441518693462   
