Input default: workDirect:/home/users1/jhsim/Dropbox/src/TB_DMFT/DMFTinOpenMX_dev/add_on_script/mem_matrix_juliaSTRUC/gaussian_noise_free_Tinfty
Input : inputFile:Giw_Lorentzian.full.dat2
Input : NumOrbit:1
Input : N_Matsubara:1500
Input : inverse_temp:100.0
Input : EwinOuterRight:15.0
Input : EwinOuterLeft:-15.0
Input : EwinInnerRight:10.0
Input : EwinInnerLeft:-10.0
Input : coreWindow:2
Input : coreDense:10
Input : Egrid:50
Input default: inversion_method:false
Input : offDiagonal:true
Input : num_of_subblock:1
Input default: default_model:g
Input : auxiliary_inverse_temp_range:[0.0005, 1000.0]
Input : auxTempRenomalFactorInitial:1.01
Input : NumIter:20000
Input : mixingInitial:0.05
Input : mixing_max:0.1
Input : mixing_min:1.0e-7
Input : pulay_mixing_start:1
Input : pulay_mixing_step:1
Input : pulay_mixing_history:20
Egrid: 140
[-16.4, -12.4, -11.0667, -10.4, -10.0, -9.6, -9.2, -8.8, -8.4, -8.0, -7.6, -7.2, -6.8, -6.4, -6.0, -5.6, -5.2, -4.8, -4.4, -4.0, -3.6, -3.2, -2.8, -2.4, -2.0, -1.96, -1.92, -1.88, -1.84, -1.8, -1.76, -1.72, -1.68, -1.64, -1.6, -1.56, -1.52, -1.48, -1.44, -1.4, -1.36, -1.32, -1.28, -1.24, -1.2, -1.16, -1.12, -1.08, -1.04, -1.0, -0.96, -0.92, -0.88, -0.84, -0.8, -0.76, -0.72, -0.68, -0.64, -0.6, -0.56, -0.52, -0.48, -0.44, -0.4, -0.36, -0.32, -0.28, -0.24, -0.2, -0.16, -0.12, -0.08, -0.04, 0.0, 0.04, 0.08, 0.12, 0.16, 0.2, 0.24, 0.28, 0.32, 0.36, 0.4, 0.44, 0.48, 0.52, 0.56, 0.6, 0.64, 0.68, 0.72, 0.76, 0.8, 0.84, 0.88, 0.92, 0.96, 1.0, 1.04, 1.08, 1.12, 1.16, 1.2, 1.24, 1.28, 1.32, 1.36, 1.4, 1.44, 1.48, 1.52, 1.56, 1.6, 2.0, 2.4, 2.8, 3.2, 3.6, 4.0, 4.4, 4.8, 5.2, 5.6, 6.0, 6.4, 6.8, 7.2, 7.6, 8.0, 8.4, 8.8, 9.2, 9.6, 10.0, 10.4, 11.0667, 12.4, 16.4]
sub-space dim=1
Block = 0
Asymto iwn = 93.21105403200916 at n=1484
const   :  -4.088127267072061e-14
1/(iw)  :  0.9999999612058872
1/(iw)^2:  -3.534421581851073e-10
1/(iw)^3:  0.999355361709604
center:-3.534421718965828e-10
stddev:0.9996776482840407
Asymto iwn = 93.77654070965532 at n=1493
Normalization:0.9999999612058872
read Giw[1]   : -0.9999999612058872/x +0.999355361709604/x**3
read Giw_trace: -0.9999999612058872/x +0.999355361709604/x**3
Gamma1:0.16975712888303843
Gamma2:6.439508263803673e-6
Gamma3:4.396493404339741e-10
Results of Nonlinear Solver Algorithm
 * Algorithm: Trust-region with dogleg and autoscaling
 * Starting Point: [-0.500323, 3.5367e-10]
 * Zero: [-0.509347, -0.00171483]
 * Inf-norm of residuals: 0.000000
 * Iterations: 3
 * Convergence: true
   * |x - x'| < 1.0e-05: true
   * |f(x)| < 1.0e-10: true
 * Function Calls (f): 4
 * Jacobian Calls (df/dx): 4
Model gaussian A: Complex{Float64}[-0.509347-0.0im]
Model gaussian B: Complex{Float64}[-0.00171483-0.0im]
Model gaussian C: Complex{Float64}[0.0-0.0im]
Model: -0.9999999999999997/x +0.9993554178207635/x**3
 -1.0000000000000007/x +0.9993723747199637/x**3
 -1.0000000000000004/x +0.9993725421999499/x**3
 -1.0000000000000007/x +0.9993727113132428/x**3
 -1.0000000000000007/x +0.999372882075446/x**3
 -1.0000000000000007/x +0.9993730545022181/x**3
 -1.0000000000000004/x +0.9993732286093585/x**3
 -1.0000000000000004/x +0.9993734044128069/x**3
 -1.0000000000000002/x +0.9993735819286463/x**3
 -1.0000000000000009/x +0.9993737611731033/x**3
 -1.0000000000000004/x +0.9993739421625488/x**3
 -1.0000000000000007/x +0.9993741249135012/x**3
 -1.0000000000000007/x +0.9993743094426256/x**3
 -1.0000000000000002/x +0.9993744957667319/x**3
 -1.0000000000000007/x +0.999374683902785/x**3
 -0.9999999999999999/x +0.9993748738678963/x**3
 -1.0000000000000004/x +0.9993750656793291/x**3
 -1.0000000000000007/x +0.9993752593545013/x**3
 -1.0000000000000007/x +0.9993754549109831/x**3
 -1.0000000000000002/x +0.9993756523665001/x**3
 -1.0000000000000007/x +0.9993758517389345/x**3
 -1.0000000000000004/x +0.9993760530463256/x**3
 -1.0000000000000002/x +0.9993762563068707/x**3
 -1.0000000000000004/x +0.9993764615389282/x**3
 -0.9999999999999999/x +0.9993766687610163/x**3
 -1.0000000000000002/x +0.9993768779918148/x**3
 -1.0000000000000004/x +0.9993770892501677/x**3
 -1.0000000000000009/x +0.9993773025550834/x**3
 -1.0000000000000007/x +0.9993775179257355/x**3
 -1.0000000000000004/x +0.9993777353814643/x**3
 -1.0000000000000004/x +0.9993779549417784/x**3
 -1.0000000000000007/x +0.999378176626356/x**3
 -1.0000000000000004/x +0.9993784004550444/x**3
 -1.0000000000000009/x +0.9993786264478643/x**3
 -1.0000000000000009/x +0.9993788546250082/x**3
 -1.0000000000000007/x +0.9993790850068416/x**3
 -1.0000000000000007/x +0.9993793176139076/x**3
 -1.0000000000000009/x +0.9993795524669248/x**3
 -1.0000000000000007/x +0.9993797895867881/x**3
 -1.0000000000000004/x +0.9993800289945731/x**3
 -1.0000000000000004/x +0.9993802707115352/x**3
 -1.0000000000000002/x +0.9993805147591112/x**3
 -1.0000000000000004/x +0.999380761158919/x**3
 -1.0000000000000007/x +0.9993810099327627/x**3
 -1.0000000000000004/x +0.9993812611026293/x**3
 -1.0000000000000004/x +0.9993815146906948/x**3
 -1.0/x +0.9993817707193193/x**3
 -1.0000000000000007/x +0.9993820292110543/x**3
 -1.0000000000000002/x +0.9993822901886403/x**3
 -1.0000000000000009/x +0.9993825536750093/x**3
 -1.0000000000000004/x +0.9993828196932852/x**3
 -1.0000000000000004/x +0.9993830882667878/x**3
 -1.0000000000000007/x +0.9993833594190278/x**3
 -1.0000000000000009/x +0.9993836331737174/x**3
 -1.0000000000000007/x +0.9993839095547612/x**3
 -1.0000000000000004/x +0.9993841885862648/x**3
 -1.0000000000000007/x +0.9993844702925354/x**3
 -1.0000000000000004/x +0.9993847546980767/x**3
 -1.0000000000000007/x +0.9993850418276008/x**3
 -1.0000000000000009/x +0.9993853317060178/x**3
 -1.0000000000000004/x +0.9993856243584475/x**3
 -1.0000000000000002/x +0.999385919810212/x**3
 -1.0000000000000007/x +0.9993862180868431/x**3
 -1.0000000000000004/x +0.99938651921408/x**3
 -1.0000000000000004/x +0.9993868232178721/x**3
 -1.0000000000000004/x +0.9993871301243796/x**3
 -1.0000000000000007/x +0.9993874399599753/x**3
 -1.0000000000000007/x +0.999387752751245/x**3
 -1.0000000000000007/x +0.9993880685249898/x**3
 -1.0000000000000007/x +0.9993883873082273/x**3
 -1.0000000000000009/x +0.9993887091281897/x**3
 -1.0000000000000004/x +0.9993890340123297/x**3
 -1.0000000000000007/x +0.9993893619883181/x**3
 -1.0000000000000007/x +0.9993896930840478/x**3
 -1.0000000000000004/x +0.9993900273276326/x**3
 -1.0000000000000004/x +0.9993903647474097/x**3
 -1.0000000000000007/x +0.99939070537194/x**3
 -1.0000000000000004/x +0.9993910492300105/x**3
 -1.0000000000000004/x +0.9993913963506349/x**3
 -1.000000000000001/x +0.9993917467630532/x**3
 -1.0/x +0.9993921004967353/x**3
 -1.0000000000000007/x +0.9993924575813813/x**3
 -1.0000000000000007/x +0.999392818046922/x**3
 -1.0000000000000007/x +0.99939318192352/x**3
 -1.0000000000000004/x +0.9993935492415723/x**3
 -1.0000000000000004/x +0.9993939200317096/x**3
 -1.0000000000000004/x +0.9993942943247974/x**3
 -1.0000000000000007/x +0.9993946721519398/x**3
 -1.0000000000000002/x +0.9993950535444776/x**3
 -1.0000000000000002/x +0.9993954385339896/x**3
 -1.0000000000000004/x +0.9993958271522957/x**3
 -1.0000000000000009/x +0.9993962194314553/x**3
 -1.0000000000000009/x +0.9993966154037717/x**3
 -1.0000000000000007/x +0.9993970151017894/x**3
 -1.0000000000000007/x +0.999397418558296/x**3
 -1.000000000000001/x +0.9993978258063267/x**3
 -1.0000000000000002/x +0.9993982368791603/x**3
 -1.0000000000000004/x +0.999398651810324/x**3
 -1.0000000000000004/x +0.9993990706335917/x**3
 -1.0000000000000004/x +0.9993994933829854/x**3
 -1.0000000000000007/x +0.9993999200927783/x**3
 -1.0000000000000009/x +0.9994003507974942/x**3
 -1.0000000000000004/x +0.999400785531906/x**3
 -1.0000000000000004/x +0.9994012243310416/x**3
 -1.0000000000000013/x +0.999401667230181/x**3
 -1.0000000000000007/x +0.9994021142648551/x**3
 -1.0000000000000004/x +0.9994025654708554/x**3
 -1.0000000000000007/x +0.9994030208842238/x**3
 -1.0000000000000009/x +0.9994034805412614/x**3
 -1.0000000000000009/x +0.9994039444785249/x**3
 -1.0000000000000004/x +0.9994044127328297/x**3
 -1.0000000000000004/x +0.9994048853412483/x**3
 -1.0000000000000007/x +0.9994053623411139/x**3
 -1.0000000000000007/x +0.9994058437700178/x**3
 -1.0000000000000002/x +0.9994063296658134/x**3
 -1.0000000000000007/x +0.9994068200666141/x**3
 -1.0000000000000009/x +0.999407315010794/x**3
 -1.0000000000000007/x +0.9994078145369926/x**3
 -1.0000000000000007/x +0.9994083186841088/x**3
 -1.0000000000000004/x +0.9994088274913048/x**3
 -1.0000000000000004/x +0.9994093409980089/x**3
 -1.0000000000000004/x +0.9994098592439116/x**3
 -1.0000000000000004/x +0.9994103822689675/x**3
 -1.0000000000000007/x +0.9994109101133982/x**3
 -1.0000000000000004/x +0.9994114428176886/x**3
 -1.0000000000000009/x +0.999411980422589/x**3
 -1.0000000000000007/x +0.9994125229691181/x**3
 -1.0000000000000007/x +0.9994130704985572/x**3
 -1.0000000000000007/x +0.9994136230524574/x**3
 -1.0000000000000004/x +0.9994141806726333/x**3
 -1.0000000000000002/x +0.9994147434011679/x**3
 -1.0000000000000009/x +0.999415311280411/x**3
 -1.0000000000000004/x +0.9994158843529787/x**3
 -1.0000000000000004/x +0.9994164626617542/x**3
 -1.0000000000000004/x +0.9994170462498874/x**3
 -1.0000000000000002/x +0.9994176351607958/x**3
 -1.0000000000000004/x +0.999418229438163/x**3
 -1.0000000000000004/x +0.9994188291259396/x**3
 -1.0000000000000004/x +0.9994194342683435/x**3
 -1.0000000000000004/x +0.9994200449098567/x**3
 -1.0000000000000002/x +0.9994206610952298/x**3
 -1.0000000000000002/x +0.9994212828694775/x**3
 -1.0000000000000004/x +0.9994219102778822/x**3
 -1.0000000000000009/x +0.9994225433659882/x**3
 -1.0000000000000002/x +0.9994231821796077/x**3
 -1.0000000000000009/x +0.999423826762959/x**3
 -1.0000000000000007/x +0.9994244771661074/x**3
 -1.0000000000000009/x +0.9994251334337841/x**3
 -1.0000000000000002/x +0.999425795612853/x**3
 -1.0000000000000007/x +0.9994264637504406/x**3
 -1.0000000000000009/x +0.999427137893934/x**3
 -1.0000000000000009/x +0.9994278180909814/x**3
 -1.0000000000000004/x +0.9994285043894875/x**3
 -1.0000000000000007/x +0.9994291968376204/x**3
 -1.0000000000000009/x +0.9994298954838025/x**3
 -1.0000000000000007/x +0.9994306003767139/x**3
 -1.0000000000000009/x +0.99943131156529/x**3
 -1.0000000000000004/x +0.999432029098721/x**3
 -1.0000000000000007/x +0.999432753026451/x**3
 -1.0000000000000004/x +0.999433483398174/x**3
 -1.0/x +0.9994342202638375/x**3
 -1.0/x +0.9994349636736364/x**3
 -1.0000000000000002/x +0.999435713678015/x**3
 -1.0000000000000007/x +0.9994364703276626/x**3
 -1.0000000000000002/x +0.9994372336735149/x**3
 -1.0000000000000009/x +0.9994380037667502/x**3
 -1.0000000000000007/x +0.9994387806587881/x**3
 -1.0000000000000004/x +0.9994395644012894/x**3
 -1.0000000000000004/x +0.999440355046151/x**3
 -1.0000000000000007/x +0.9994411526455068/x**3
 -1.0000000000000007/x +0.9994419572517252/x**3
 -1.000000000000001/x +0.9994427689174068/x**3
 -1.0000000000000007/x +0.9994435876953816/x**3
 -1.0000000000000007/x +0.9994444136387065/x**3
 -1.0000000000000007/x +0.9994452468006666/x**3
 -1.0000000000000009/x +0.9994460872347672/x**3
 -1.0000000000000004/x +0.9994469349947364/x**3
 -1.0000000000000007/x +0.9994477901345197/x**3
 -1.0000000000000004/x +0.9994486527082781/x**3
 -1.0000000000000004/x +0.9994495227703842/x**3
 -1.0000000000000007/x +0.9994504003754245/x**3
 -1.0000000000000009/x +0.9994512855781903/x**3
 -1.0000000000000007/x +0.9994521784336771/x**3
 -1.0000000000000007/x +0.9994530789970824/x**3
 -1.0000000000000007/x +0.9994539873238025/x**3
 -1.0000000000000007/x +0.9994549034694284/x**3
 -1.0000000000000009/x +0.9994558274897435/x**3
 -1.0000000000000007/x +0.9994567594407188/x**3
 -1.0000000000000009/x +0.9994576993785106/x**3
 -1.0000000000000004/x +0.9994586473594588/x**3
 -1.0000000000000007/x +0.9994596034400778/x**3
 -1.0000000000000007/x +0.9994605676770592/x**3
 -1.0000000000000007/x +0.9994615401272637/x**3
 -1.0000000000000007/x +0.9994625208477185/x**3
 -1.0000000000000004/x +0.9994635098956132/x**3
 -1.0000000000000007/x +0.9994645073282968/x**3
 -1.0000000000000007/x +0.9994655132032715/x**3
 -1.0000000000000007/x +0.9994665275781894/x**3
 -1.0000000000000004/x +0.9994675505108493/x**3
 -1.0000000000000002/x +0.9994685820591893/x**3
 -1.0000000000000004/x +0.9994696222812852/x**3
 -1.0000000000000009/x +0.9994706712353434/x**3
 -1.000000000000001/x +0.9994717289796986/x**3
 -0.9999999999999999/x +0.9994727955728071/x**3
 -1.000000000000001/x +0.9994738710732411/x**3
 -1.0000000000000004/x +0.999474955539686/x**3
 -1.0000000000000009/x +0.9994760490309331/x**3
 -1.000000000000001/x +0.9994771516058757/x**3
 -1.0000000000000009/x +0.9994782633235026/x**3
 -1.0000000000000004/x +0.9994793842428927/x**3
 -1.0000000000000004/x +0.9994805144232098/x**3
 -1.0000000000000007/x +0.9994816539236968/x**3
 -1.0000000000000007/x +0.9994828028036705/x**3
 -1.000000000000001/x +0.9994839611225139/x**3
 -1.0000000000000007/x +0.9994851289396716/x**3
 -1.000000000000001/x +0.9994863063146407/x**3
 -1.0000000000000007/x +0.9994874933069711/x**3
 -1.0000000000000009/x +0.9994886899762513/x**3
 -1.0000000000000007/x +0.9994898963821075/x**3
 -1.0000000000000013/x +0.9994911125841932/x**3
 -1.000000000000001/x +0.9994923386421853/x**3
 -1.0000000000000004/x +0.999493574615776/x**3
 -1.000000000000001/x +0.999494820564664/x**3
 -1.0000000000000009/x +0.9994960765466737/x**3
 -1.0000000000000007/x +0.9994973426252834/x**3
 -1.0000000000000007/x +0.999498618858271/x**3
 -1.0000000000000004/x +0.9994999053052964/x**3
 -1.0000000000000004/x +0.9995012020259945/x**3
 -1.0000000000000004/x +0.9995025090799604/x**3
 -1.0000000000000004/x +0.9995038265267492/x**3
 -1.0000000000000009/x +0.9995051544258623/x**3
 -1.0000000000000007/x +0.9995064928367408/x**3
 -1.0000000000000007/x +0.9995078418187614/x**3
 -1.0000000000000004/x +0.9995092014312206/x**3
 -1.0000000000000007/x +0.9995105717333335/x**3
 -1.0000000000000004/x +0.9995119527842203/x**3
 -1.0/x +0.999513344642902/x**3
 -1.0000000000000004/x +0.9995147473682875/x**3
 -1.0000000000000009/x +0.9995161610191687/x**3
 -1.0000000000000004/x +0.999517585654208/x**3
 -1.0000000000000007/x +0.9995190213319316/x**3
 -1.0000000000000007/x +0.9995204681107204/x**3
 -1.000000000000001/x +0.9995219260487981/x**3
 -1.000000000000001/x +0.9995233952042266/x**3
 -1.0000000000000009/x +0.999524875634893/x**3
 -1.0000000000000002/x +0.9995263673984988/x**3
 -1.0000000000000004/x +0.9995278705525539/x**3
 -1.0000000000000009/x +0.9995293851543657/x**3
 -1.0000000000000009/x +0.9995309112610266/x**3
 -1.0000000000000004/x +0.9995324489294077/x**3
 -1.0000000000000004/x +0.9995339982161473/x**3
 -1.0000000000000007/x +0.9995355591776396/x**3
 -1.0000000000000004/x +0.9995371318700261/x**3
 -0.9999999999999999/x +0.9995387163491819/x**3
 -1.0000000000000007/x +0.999540312670712/x**3
 -1.0000000000000007/x +0.999541920889932/x**3
 -1.0000000000000007/x +0.9995435410618645/x**3
 -1.0000000000000007/x +0.9995451732412244/x**3
 -1.0000000000000007/x +0.9995468174824111/x**3
 -1.0000000000000007/x +0.9995484738394927/x**3
 -1.0000000000000004/x +0.9995501423662012/x**3
 -1.0000000000000007/x +0.9995518231159146/x**3
 -1.0000000000000007/x +0.9995535161416528/x**3
 -1.0000000000000009/x +0.9995552214960598/x**3
 -1.0000000000000004/x +0.9995569392313971/x**3
 -1.0000000000000009/x +0.9995586693995292/x**3
 -1.000000000000001/x +0.9995604120519144/x**3
 -1.0000000000000007/x +0.9995621672395897/x**3
 -1.0000000000000004/x +0.9995639350131645/x**3
 -1.0000000000000004/x +0.9995657154228044/x**3
 -1.0000000000000007/x +0.9995675085182196/x**3
 -1.000000000000001/x +0.9995693143486548/x**3
 -1.000000000000001/x +0.9995711329628785/x**3
 -1.0000000000000002/x +0.9995729644091655/x**3
 -1.0000000000000004/x +0.9995748087352923/x**3
 -1.000000000000001/x +0.9995766659885194/x**3
 -1.0000000000000007/x +0.9995785362155797/x**3
 -1.0000000000000009/x +0.9995804194626694/x**3
 -1.000000000000001/x +0.9995823157754324/x**3
 -1.0000000000000004/x +0.9995842251989506/x**3
 -1.0000000000000009/x +0.9995861477777299/x**3
 -1.0000000000000007/x +0.9995880835556874/x**3
 -1.0000000000000007/x +0.999590032576142/x**3
 -1.0000000000000004/x +0.9995919948817976/x**3
 -1.0000000000000004/x +0.9995939705147331/x**3
 -1.0000000000000002/x +0.9995959595163921/x**3
 -1.0000000000000004/x +0.9995979619275653/x**3
 -1.0000000000000007/x +0.9995999777883823/x**3
 -1.0000000000000009/x +0.9996020071382962/x**3
 -0.9999999999999997/x +0.9996040500160742/x**3
 -1.0000000000000004/x +0.9996061064597802/x**3
 -1.0000000000000007/x +0.9996081765067688/x**3
 -1.0/x +0.9996102601936667/x**3
 -1.0000000000000002/x +0.9996123575548386/x**3
 -1.0000000000000007/x +0.9996144686285025/x**3
 -1.0000000000000009/x +0.9996165934474804/x**3
 -1.0000000000000009/x +0.9996187320453734/x**3
 -1.000000000000001/x +0.9996208844549939/x**3
 -1.0000000000000004/x +0.9996230507083553/x**3
 -1.0000000000000009/x +0.9996252308366572/x**3
 -1.000000000000001/x +0.9996274248702743/x**3
 -1.0000000000000007/x +0.9996296328387447/x**3
 -1.0000000000000009/x +0.9996318547707557/x**3
 -1.0000000000000004/x +0.9996340906941346/x**3
 -1.0000000000000009/x +0.9996363406358323/x**3
 -1.0000000000000004/x +0.9996386046219141/x**3
 -1.0000000000000007/x +0.9996408826775486/x**3
 -1.0000000000000007/x +0.9996431748269935/x**3
 -1.0000000000000009/x +0.999645481093583/x**3
 -1.0000000000000007/x +0.9996478014997198/x**3
 -1.0000000000000004/x +0.9996501360668578/x**3
 -1.0000000000000009/x +0.9996524848154967/x**3
 -1.0000000000000002/x +0.9996548477651652/x**3
 -1.0000000000000009/x +0.9996572249344119/x**3
 -1.0000000000000009/x +0.9996596163407945/x**3
 -1.0000000000000004/x +0.9996620220008655/x**3
 -1.0000000000000004/x +0.9996644419301652/x**3
 -1.0000000000000004/x +0.9996668761432077/x**3
 -1.0000000000000004/x +0.9996693246534699/x**3
 -1.0000000000000009/x +0.9996717874733823/x**3
 -1.0000000000000007/x +0.9996742646143181/x**3
 -1.0000000000000007/x +0.9996767560865809/x**3
 -1.0000000000000009/x +0.999679261899395/x**3
 -1.0000000000000007/x +0.999681782060897/x**3
 -1.0000000000000007/x +0.9996843165781226/x**3
 -1.0000000000000004/x +0.9996868654569993/x**3
 -1.0000000000000007/x +0.9996894287023337/x**3
 -1.0000000000000007/x +0.9996920063178043/x**3
 -1.0000000000000007/x +0.9996945983059514/x**3
 -1.0000000000000013/x +0.9996972046681661/x**3
 -1.0000000000000007/x +0.9996998254046829/x**3
 -1.0000000000000007/x +0.9997024605145709/x**3
 -1.0000000000000004/x +0.999705109995722/x**3
 -1.0000000000000009/x +0.9997077738448462/x**3
 -1.0000000000000009/x +0.9997104520574587/x**3
 -1.0000000000000002/x +0.9997131446278772/x**3
 -1.0000000000000007/x +0.9997158515492068/x**3
 -1.0000000000000004/x +0.9997185728133383/x**3
 -1.0000000000000007/x +0.9997213084109382/x**3
 -1.0000000000000004/x +0.9997240583314374/x**3
 -1.0000000000000007/x +0.9997268225630318/x**3
 -1.0000000000000009/x +0.9997296010926684/x**3
 -1.0000000000000007/x +0.9997323939060381/x**3
 -1.0000000000000007/x +0.9997352009875762/x**3
 -1.0000000000000002/x +0.9997380223204475/x**3
 -1.0000000000000007/x +0.9997408578865453/x**3
 -1.0000000000000004/x +0.9997437076664838/x**3
 -1.0000000000000007/x +0.9997465716395904/x**3
 -1.0000000000000009/x +0.9997494497839032/x**3
 -1.0000000000000002/x +0.9997523420761633/x**3
 -1.0000000000000007/x +0.9997552484918112/x**3
 -1.000000000000001/x +0.9997581690049814/x**3
 -1.0000000000000009/x +0.9997611035884948/x**3
 -1.0000000000000004/x +0.9997640522138602/x**3
 -1.0000000000000004/x +0.9997670148512643/x**3
 -1.0000000000000007/x +0.9997699914695709/x**3
 -1.0000000000000004/x +0.9997729820363157/x**3
 -1.0000000000000007/x +0.9997759865177043/x**3
 -1.0000000000000007/x +0.9997790048786063/x**3
 -1.0000000000000002/x +0.999782037082556/x**3
 -1.0/x +0.9997850830917453/x**3
 -1.0000000000000002/x +0.9997881428670232/x**3
 -1.0000000000000007/x +0.9997912163678947/x**3
 -1.0000000000000007/x +0.9997943035525166/x**3
 -1.0000000000000009/x +0.9997974043776974/x**3
 -1.0000000000000007/x +0.9998005187988936/x**3
 -1.0000000000000007/x +0.9998036467702092/x**3
 -1.0000000000000007/x +0.9998067882443954/x**3
 -1.0000000000000004/x +0.9998099431728495/x**3
 -1.0000000000000004/x +0.9998131115056121/x**3
 -1.0000000000000007/x +0.9998162931913701/x**3
 -1.0000000000000009/x +0.9998194881774529/x**3
 -1.000000000000001/x +0.9998226964098348/x**3
 -1.0000000000000004/x +0.999825917833135/x**3
 -1.0000000000000007/x +0.9998291523906173/x**3
 -1.0000000000000004/x +0.9998324000237779/x**3
 -1.000000000000001/x +0.9998356606740259/x**3
 -1.0000000000000007/x +0.9998389342801229/x**3
 -1.0000000000000009/x +0.9998422207799221/x**3
 -1.0000000000000007/x +0.9998455201099238/x**3
 -1.0000000000000002/x +0.9998488322052824/x**3
 -1.0000000000000007/x +0.9998521569998068/x**3
 -1.0000000000000004/x +0.9998554944259628/x**3
 -1.0000000000000004/x +0.9998588444148705/x**3
 -1.0000000000000009/x +0.9998622068963141/x**3
 -1.0000000000000004/x +0.9998655817987433/x**3
 -1.0000000000000004/x +0.9998689690492694/x**3
 -1.0000000000000007/x +0.9998723685736771/x**3
 -1.0000000000000004/x +0.9998757802964227/x**3
 -1.0000000000000007/x +0.9998792041406384/x**3
 -1.0000000000000009/x +0.9998826400281373/x**3
 -1.0000000000000002/x +0.9998860878794139/x**3
 -1.0000000000000004/x +0.9998895476136529/x**3
 -1.0000000000000007/x +0.9998930191487267/x**3
 -1.0000000000000009/x +0.9998965024012074/x**3
 -1.0000000000000009/x +0.9998999972863638/x**3
 -1.0000000000000009/x +0.9999035037181686/x**3
 -1.0000000000000009/x +0.9999070216093059/x**3
 -1.0000000000000004/x +0.9999105508711714/x**3
 -1.0000000000000009/x +0.9999140914138773/x**3
 -1.0000000000000007/x +0.9999176431462614/x**3
 -1.000000000000001/x +0.9999212059758883/x**3
 -1.0000000000000004/x +0.9999247798090546/x**3
 -1.0000000000000009/x +0.9999283645507953/x**3
 -1.0000000000000009/x +0.9999319601048888/x**3
 -1.0000000000000009/x +0.9999355663738609/x**3
 -1.0000000000000009/x +0.9999391832589919/x**3
 -1.0000000000000007/x +0.99994281066032/x**3
 -1.0000000000000002/x +0.999946448476648/x**3
 -1.0000000000000009/x +0.9999500966055495/x**3
 -1.0000000000000007/x +0.99995375494337/x**3
 -1.0000000000000004/x +0.9999574233852376/x**3
 -1.0000000000000007/x +0.999961101825066/x**3
 -1.0000000000000007/x +0.9999647901555612/x**3
 -1.000000000000001/x +0.9999684882682234/x**3
 -1.0000000000000009/x +0.9999721960533565/x**3
 -1.0000000000000002/x +0.9999759134000714/x**3
 -1.0000000000000007/x +0.9999796401962927/x**3
 -1.0000000000000009/x +0.9999833763287638/x**3
 -1.0000000000000009/x +0.999987121683048/x**3
 -1.0000000000000004/x +0.9999908761435407/x**3
 -1.0000000000000009/x +0.9999946395934692/x**3
 -1.0000000000000004/x +0.9999984119149012/x**3
 -1.0000000000000007/x +1.0000021929887468/x**3
 -1.0000000000000007/x +1.0000059826947658/x**3
 -1.0000000000000009/x +1.00000978091157/x**3
 -1.0000000000000009/x +1.0000135875166323/x**3
 -1.0000000000000007/x +1.0000174023862851/x**3
 -1.0000000000000004/x +1.0000212253957304/x**3
 -1.0000000000000007/x +1.0000250564190396/x**3
 -1.0000000000000009/x +1.0000288953291616/x**3
 -1.0000000000000007/x +1.0000327419979242/x**3
 -1.0000000000000004/x +1.0000365962960398/x**3
 -1.0000000000000004/x +1.0000404580931068/x**3
 -1.0000000000000007/x +1.0000443272576165/x**3
 -1.0000000000000004/x +1.0000482036569531/x**3
 -1.0000000000000007/x +1.0000520871573972/x**3
 -1.0000000000000007/x +1.0000559776241327/x**3
 -1.0000000000000007/x +1.0000598749212464/x**3
 -1.0000000000000002/x +1.0000637789117288/x**3
 -1.0000000000000004/x +1.000067689457481/x**3
 -1.0000000000000004/x +1.000071606419316/x**3
 -1.0000000000000002/x +1.0000755296569555/x**3
 -1.0000000000000007/x +1.0000794590290398/x**3
 -1.0000000000000007/x +1.0000833943931233/x**3
 -1.0000000000000004/x +1.0000873356056765/x**3
 -1.0000000000000009/x +1.0000912825220918/x**3
 -1.0000000000000009/x +1.0000952349966767/x**3
 -1.0000000000000007/x +1.0000991928826626/x**3
 -1.0000000000000009/x +1.0001031560321982/x**3
 -1.0000000000000002/x +1.0001071242963528/x**3
 -1.0000000000000007/x +1.0001110975251155/x**3
 -1.0000000000000004/x +1.0001150755673982/x**3
 -1.0000000000000004/x +1.000119058271028/x**3
 -1.0000000000000007/x +1.0001230454827506/x**3
 -1.0000000000000009/x +1.0001270370506181/x**3
 -1.0000000000000009/x +1.000131032814449/x**3
 -1.0000000000000002/x +1.0001350326201037/x**3
 -1.0000000000000002/x +1.000139036309986/x**3
 -1.0/x +1.0001430437254055/x**3
 -1.0000000000000004/x +1.0001470547065812/x**3
 -1.0000000000000009/x +1.000151069092633/x**3
 -1.0000000000000007/x +1.0001550867215816/x**3
 -1.0000000000000004/x +1.0001591074303455/x**3
 -1.0000000000000004/x +1.0001631310547334/x**3
 -1.0000000000000009/x +1.0001671574294453/x**3
 -1.0000000000000002/x +1.000171186388065/x**3
 -1.0000000000000007/x +1.0001752177630538/x**3
 -1.0000000000000009/x +1.0001792513857521/x**3
 -1.0000000000000004/x +1.000183287086366/x**3
 -1.0000000000000004/x +1.0001873246939688/x**3
 -1.0000000000000004/x +1.0001913640364908/x**3
 -1.0000000000000007/x +1.0001954049407153/x**3
 -1.0000000000000004/x +1.0001994472322722/x**3
 -1.0000000000000009/x +1.000203490735632/x**3
 -1.0000000000000002/x +1.0002075352740964/x**3
 -1.0000000000000002/x +1.0002115806697944/x**3
 -1.0000000000000007/x +1.0002156267436737/x**3
 -1.0000000000000004/x +1.0002196733154944/x**3
 -1.0000000000000007/x +1.0002237202038171/x**3
 -1.0000000000000004/x +1.0002277672260025/x**3
 -1.000000000000001/x +1.0002318141981943/x**3
 -1.0000000000000009/x +1.0002358609353186/x**3
 -1.0000000000000007/x +1.0002399072510684/x**3
 -1.000000000000001/x +1.0002439529579004/x**3
 -1.0000000000000009/x +1.0002479978670242/x**3
 -1.0000000000000009/x +1.0002520417883918/x**3
 -1.0000000000000004/x +1.0002560845306916/x**3
 -1.0000000000000007/x +1.0002601259013275/x**3
 -1.0000000000000004/x +1.000264165706427/x**3
 -1.0000000000000009/x +1.000268203750815/x**3
 -1.0000000000000002/x +1.0002722398380142/x**3
 -1.0000000000000004/x +1.0002762737702324/x**3
 -1.0000000000000002/x +1.0002803053483478/x**3
 -1.0000000000000007/x +1.000284334371903/x**3
 -1.0000000000000002/x +1.0002883606390949/x**3
 -1.0000000000000004/x +1.0002923839467583/x**3
 -1.0000000000000004/x +1.0002964040903632/x**3
 -1.000000000000001/x +1.0003004208639958/x**3
 -1.0000000000000004/x +1.0003044340603526/x**3
 -1.0000000000000007/x +1.0003084434707286/x**3
 -1.0000000000000009/x +1.000312448885005/x**3
 -1.0000000000000004/x +1.0003164500916393/x**3
 -1.0000000000000004/x +1.0003204468776525/x**3
 -1.0000000000000007/x +1.0003244390286188/x**3
 -1.0000000000000007/x +1.0003284263286556/x**3
 -1.0000000000000007/x +1.0003324085604137/x**3
 -1.0000000000000013/x +1.0003363855050595/x**3
 -1.0000000000000007/x +1.000340356942266/x**3
 -1.0/x +1.0003443226502085/x**3
 -1.0000000000000004/x +1.0003482824055454/x**3
 -1.0000000000000004/x +1.0003522359834127/x**3
 -1.0000000000000007/x +1.0003561831574097/x**3
 -1.0000000000000004/x +1.0003601236995903/x**3
 -1.0000000000000009/x +1.000364057380452/x**3
 -1.0000000000000004/x +1.0003679839689223/x**3
 -1.0000000000000004/x +1.000371903232353/x**3
 -1.0000000000000004/x +1.0003758149365056/x**3
 -1.0000000000000007/x +1.000379718845545/x**3
 -1.0000000000000002/x +1.0003836147220273/x**3
 -1.0000000000000009/x +1.0003875023268896/x**3
 -1.0000000000000007/x +1.0003913814194407/x**3
 -1.0000000000000007/x +1.0003952517573536/x**3
 -1.0000000000000013/x +1.000399113096653/x**3
 -1.0000000000000007/x +1.0004029651917115/x**3
 -1.0000000000000007/x +1.0004068077952324/x**3
 -1.0000000000000009/x +1.000410640658254/x**3
 -1.0000000000000009/x +1.0004144635301264/x**3
 -1.0000000000000004/x +1.0004182761585148/x**3
 -1.0000000000000004/x +1.0004220782893853/x**3
 -1.0000000000000007/x +1.000425869667004/x**3
 -1.0000000000000007/x +1.0004296500339225/x**3
 -1.0000000000000007/x +1.0004334191309807/x**3
 -1.0/x +1.0004371766972908/x**3
 -0.9999999999999999/x +1.0004409224702384/x**3
 -1.0000000000000002/x +1.0004446561854703/x**3
 -1.0000000000000004/x +1.000448377576899/x**3
 -1.0000000000000004/x +1.0004520863766881/x**3
 -1.0/x +1.0004557823152513/x**3
 -1.0000000000000007/x +1.0004594651212517/x**3
 -1.0000000000000002/x +1.000463134521594/x**3
 -1.000000000000001/x +1.0004667902414228/x**3
 -1.0000000000000004/x +1.0004704320041198/x**3
 -1.0000000000000007/x +1.0004740595313033/x**3
 -1.0000000000000002/x +1.0004776725428213/x**3
 -1.0000000000000004/x +1.0004812707567574/x**3
 -1.0000000000000009/x +1.000484853889425/x**3
 -1.0000000000000009/x +1.000488421655369/x**3
 -1.0/x +1.0004919737673585/x**3
 -1.0000000000000009/x +1.0004955099364008/x**3
 -1.0000000000000002/x +1.0004990298717307/x**3
 -1.000000000000001/x +1.0005025332808208/x**3
 -1.0000000000000007/x +1.0005060198693767/x**3
 -1.0000000000000004/x +1.0005094893413442/x**3
 -1.0000000000000002/x +1.0005129413989116/x**3
 -1.0000000000000009/x +1.0005163757425082/x**3
 -1.0000000000000013/x +1.0005197920708198/x**3
 -1.000000000000001/x +1.0005231900807805/x**3
 -1.0000000000000007/x +1.0005265694675876/x**3
 -1.0000000000000004/x +1.0005299299247017/x**3
 -1.0000000000000007/x +1.0005332711438586/x**3
 -1.0000000000000004/x +1.00053659281507/x**3
 -1.0000000000000007/x +1.0005398946266353/x**3
 -1.0/x +1.0005431762651478/x**3
 -1.0000000000000002/x +1.000546437415507/x**3
 -1.0000000000000007/x +1.000549677760921/x**3
 -1.0000000000000002/x +1.0005528969829274/x**3
 -1.0000000000000004/x +1.0005560947613865/x**3
 -1.0000000000000007/x +1.000559270774507/x**3
 -1.0000000000000007/x +1.0005624246988527/x**3
 -1.000000000000001/x +1.000565556209355/x**3
 -1.0000000000000007/x +1.000568664979323/x**3
 -1.0000000000000004/x +1.0005717506804626/x**3
 -1.0000000000000009/x +1.0005748129828835/x**3
 -1.0000000000000007/x +1.0005778515551171/x**3
 -1.0000000000000009/x +1.0005808660641302/x**3
 -1.0000000000000007/x +1.0005838561753424/x**3
 -1.0000000000000007/x +1.000586821552638/x**3
 -1.0000000000000007/x +1.0005897618583868/x**3
 -1.0000000000000007/x +1.0005926767534583/x**3
 -1.0000000000000004/x +1.000595565897242/x**3
 -1.0000000000000009/x +1.0005984289476637/x**3
 -1.0000000000000004/x +1.0006012655611993/x**3
 -1.0/x +1.000604075392905/x**3
 -1.0000000000000004/x +1.0006068580964291/x**3
 -1.0000000000000004/x +1.0006096133240296/x**3
 -1.0000000000000002/x +1.0006123407266083/x**3
 -1.0000000000000002/x +1.0006150399537115/x**3
 -1.0000000000000004/x +1.0006177106535683/x**3
 -1.0/x +1.0006203524731039/x**3
 -1.0000000000000007/x +1.0006229650579697/x**3
 -1.0/x +1.0006255480525579/x**3
 -1.0000000000000002/x +1.000628101100032/x**3
 -1.0000000000000002/x +1.0006306238423437/x**3
 -1.0000000000000009/x +1.0006331159202653/x**3
 -1.000000000000001/x +1.0006355769734037/x**3
 -1.0000000000000009/x +1.0006380066402374/x**3
 -1.0000000000000004/x +1.0006404045581343/x**3
 -1.0000000000000002/x +1.000642770363378/x**3
 -1.0000000000000004/x +1.0006451036911983/x**3
 -1.0000000000000007/x +1.0006474041757931/x**3
 -1.0/x +1.0006496714503552/x**3
 -1.0000000000000007/x +1.0006519051471052/x**3
 -1.0000000000000009/x +1.0006541048973134/x**3
 -1.0000000000000004/x +1.0006562703313295/x**3
 -1.0000000000000009/x +1.0006584010786101/x**3
 -1.0000000000000009/x +1.0006604967677513/x**3
 -1.0000000000000004/x +1.0006625570265073/x**3
 -1.0000000000000007/x +1.0006645814818294/x**3
 -1.0000000000000004/x +1.0006665697598915/x**3
 -1.0000000000000007/x +1.0006685214861177/x**3
 -1.0000000000000007/x +1.0006704362852166/x**3
 -1.0000000000000004/x +1.0006723137812044/x**3
 -1.0000000000000002/x +1.000674153597443/x**3
 -1.0000000000000004/x +1.0006759553566604/x**3
 -1.0000000000000004/x +1.0006777186809894/x**3
 -1.0000000000000007/x +1.000679443191994/x**3
 -1.0000000000000002/x +1.0006811285107005/x**3
 -1.0000000000000009/x +1.000682774257629/x**3
 -1.0000000000000004/x +1.0006843800528211/x**3
 -1.0000000000000007/x +1.0006859455158732/x**3
 -1.0000000000000004/x +1.000687470265969/x**3
 -1.0000000000000004/x +1.000688953921905/x**3
 -1.0000000000000009/x +1.0006903961021274/x**3
 -1.0000000000000009/x +1.0006917964247586/x**3
 -1.0000000000000004/x +1.0006931545076307/x**3
 -1.0000000000000004/x +1.0006944699683158/x**3
 -1.0000000000000007/x +1.0006957424241498/x**3
 -1.0000000000000007/x +1.0006969714922798/x**3
 -1.0000000000000007/x +1.0006981567896736/x**3
 -1.0000000000000007/x +1.000699297933169/x**3
 -1.0000000000000007/x +1.000700394539494/x**3
 -1.0000000000000004/x +1.0007014462253003/x**3
 -1.0000000000000007/x +1.0007024526071926/x**3
 -1.0000000000000007/x +1.0007034133017592/x**3
 -1.0000000000000009/x +1.000704327925601/x**3
 -1.0000000000000002/x +1.0007051960953635/x**3
 -1.0000000000000002/x +1.0007060174277638/x**3
 -1.0000000000000004/x +1.0007067915396208/x**3
 -1.0000000000000007/x +1.0007075180478882/x**3
 -1.0000000000000009/x +1.0007081965696767/x**3
 -1.000000000000001/x +1.0007088267222852/x**3
 -1.0000000000000007/x +1.0007094081232346/x**3
 -1.0000000000000009/x +1.0007099403902866/x**3
 -1.0000000000000004/x +1.0007104231414796/x**3
 -1.0000000000000004/x +1.0007108559951554/x**3
 -1.0/x +1.0007112385699783/x**3
 -1.0000000000000007/x +1.0007115704849696/x**3
 -1.0000000000000007/x +1.000711851359536/x**3
 -1.0000000000000004/x +1.0007120808134886/x**3
 -1.0000000000000004/x +1.0007122584670751/x**3
 -1.0000000000000009/x +1.0007123839410015/x**3
 -1.000000000000001/x +1.0007124568564616/x**3
 -1.0000000000000009/x +1.0007124768351536/x**3
 -1.0000000000000007/x +1.0007124434993175/x**3
 -1.0000000000000007/x +1.0007123564717417/x**3
 -1.0000000000000004/x +1.0007122153758066/x**3
 -1.0000000000000004/x +1.0007120198354869/x**3
 -1.0000000000000007/x +1.0007117694753926/x**3
 -1.0000000000000009/x +1.000711463920777/x**3
 -1.0000000000000009/x +1.0007111027975697/x**3
 -1.0000000000000007/x +1.000710685732387/x**3
 -1.0000000000000004/x +1.0007102123525635/x**3
 -1.0000000000000002/x +1.0007096822861623/x**3
 -1.000000000000001/x +1.0007090951620004/x**3
 -1.0000000000000002/x +1.0007084506096742/x**3
 -1.0000000000000009/x +1.0007077482595572/x**3
 -1.0000000000000004/x +1.0007069877428427/x**3
 -1.0000000000000007/x +1.0007061686915433/x**3
 -1.0000000000000002/x +1.000705290738517/x**3
 -1.0000000000000002/x +1.000704353517487/x**3
 -1.0000000000000004/x +1.0007033566630443/x**3
 -1.0000000000000002/x +1.0007022998106774/x**3
 -1.0000000000000004/x +1.000701182596775/x**3
 -1.0000000000000004/x +1.0007000046586525/x**3
 -1.0000000000000002/x +1.0006987656345565/x**3
 -1.0/x +1.0006974651636782/x**3
 -1.0000000000000009/x +1.0006961028861703/x**3
 -1.0000000000000002/x +1.000694678443159/x**3
 -1.0000000000000007/x +1.0006931914767478/x**3
 -1.0000000000000009/x +1.000691641630036/x**3
 -1.0000000000000007/x +1.0006900285471283/x**3
 -1.0000000000000004/x +1.0006883518731404/x**3
 -1.0/x +1.0006866112542054/x**3
 -1.0/x +1.0006848063374942/x**3
 -1.0000000000000002/x +1.0006829367712082/x**3
 -1.0000000000000004/x +1.0006810022045973/x**3
 -1.0000000000000004/x +1.0006790022879528/x**3
 -1.0000000000000002/x +1.000676936672635/x**3
 -1.0000000000000007/x +1.0006748050110537/x**3
 -1.0000000000000007/x +1.0006726069566925/x**3
 -1.0000000000000002/x +1.000670342164101/x**3
 -1.0000000000000002/x +1.0006680102889005/x**3
 -1.0000000000000007/x +1.000665610987787/x**3
 -1.0000000000000002/x +1.000663143918537/x**3
 -0.9999999999999998/x +1.0006606087400047/x**3
 -1.0000000000000004/x +1.0006580051121206/x**3
 -1.0000000000000009/x +1.0006553326958902/x**3
 -1.0000000000000007/x +1.0006525911534017/x**3
 -1.0000000000000004/x +1.0006497801478178/x**3
 -1.0000000000000002/x +1.0006468993433806/x**3
 -1.0000000000000007/x +1.0006439484053942/x**3
 -1.0/x +1.0006409270002457/x**3
 -1.0000000000000009/x +1.0006378347953764/x**3
 -1.0000000000000004/x +1.000634671459293/x**3
 -0.9999999999999999/x +1.000631436661556/x**3
 -1.0000000000000002/x +1.0006281300727784/x**3
 -1.000000000000001/x +1.0006247513646154/x**3
 -1.0000000000000004/x +1.0006213002097588/x**3
 -1.0000000000000007/x +1.0006177762819308/x**3
 -1.0000000000000002/x +1.0006141792558751/x**3
 -1.0000000000000002/x +1.0006105088073454/x**3
 -1.0000000000000007/x +1.0006067646131038/x**3
 -1.0000000000000004/x +1.0006029463487005/x**3
 -1.0000000000000004/x +1.0005990536961524/x**3
 -1.0/x +1.0005950863351782/x**3
 -1.0000000000000007/x +1.000591043945368/x**3
 -1.0000000000000004/x +1.0005869262083233/x**3
 -1.0000000000000007/x +1.0005827328066/x**3
 -1.0/x +1.0005784634236645/x**3
 -1.0000000000000007/x +1.0005741177439051/x**3
 -1.0000000000000004/x +1.0005696954525967/x**3
 -1.0000000000000004/x +1.0005651962358937/x**3
 -1.0000000000000007/x +1.0005606197808161/x**3
 -1.0000000000000004/x +1.000555965775229/x**3
 -1.0000000000000004/x +1.0005512339078273/x**3
 -1.0000000000000002/x +1.0005464238681308/x**3
 -1.0000000000000004/x +1.0005415353464446/x**3
 -1.0000000000000024/x +1.000536568033816/x**3
 -1.0000000000000004/x +1.0005315216221973/x**3
 -1.0000000000000007/x +1.0005263958040795/x**3
 -0.9999999999999934/x +1.0005211902721627/x**3
 -0.9999999999999973/x +1.0005159047206011/x**3
 -0.9999999999999922/x +1.0005105388476623/x**3
 -1.000000000000368/x +1.0005050923443326/x**3
 -1.0000000000000369/x +1.000499564906994/x**3
 -1.0000000000000546/x +1.000493956232543/x**3
 -0.9999999999999931/x +1.000488266022416/x**3
 -1.0000000000000004/x +1.0004824939659203/x**3
 -1.0000000000000007/x +1.000476639768499/x**3
 -1.0000000000000004/x +1.000470703126798/x**3
not converged... 0.7884725956709242	0.7963573216276335	mixing:0.1; Iter:20  normAw:0.06245366961144505 trial:1
not converged... 0.7884725956709242	0.7888668319687596	mixing:0.1; Iter:30  normAw:0.010970304570005496 trial:2
not converged... 0.7884725956709242	0.7884923074858159	mixing:0.1; Iter:30  normAw:0.0005351814519155189 trial:3
not converged... 0.7884725956709242	0.7884735812616687	mixing:0.1; Iter:30  normAw:2.6617241993894845e-5 trial:4
not converged... 0.7884725956709242	0.7884726449504613	mixing:0.1; Iter:30  normAw:1.2212454658667514e-6 trial:5
not converged... 0.7884725956709242	0.788472598134901	mixing:0.1; Iter:30  normAw:4.9629558202988984e-8 trial:6
 -1.0000000000000004/x +1.000470703126798/x**3
 -1.0000000000000089/x +1.0004651770940647/x**3
 -0.9999999999999997/x +1.000459524957065/x**3
 -1.0000000000000293/x +1.0004537437950591/x**3
 -0.9999999999999931/x +1.0004478306318498/x**3
 -1.0000000000000038/x +1.0004417823945693/x**3
 -0.999999999999979/x +1.000435595961437/x**3
 -1.000000000000198/x +1.0004292681300337/x**3
 -1.0000000000000007/x +1.0004227956054257/x**3
 -1.0000000000000007/x +1.0004161750426006/x**3
 -1.0000000000000007/x +1.0004094313724186/x**3
not converged... 0.8675380297806454	0.8762134100784519	mixing:0.09182228365547739; Iter:20  normAw:0.07866970749036527 trial:1
 -1.0000000000000004/x +1.0004090903344967/x**3
 -1.0/x +1.0004028165193395/x**3
 -0.9999999999999594/x +1.0003964066904651/x**3
 -0.9999999999999982/x +1.000389857788942/x**3
 -1.0000000000000282/x +1.0003831666730933/x**3
 -1.0000000000000007/x +1.0003763301450006/x**3
 -1.0000000000000004/x +1.0003693449127353/x**3
 -1.0000000000000007/x +1.0003622076189933/x**3
 -1.0000000000000002/x +1.0003549148246176/x**3
 -1.0000000000000002/x +1.0003474630095683/x**3
not converged... 0.9455536147712832	0.9550091509189961	mixing:0.0842290886684011; Iter:20  normAw:0.07046151324012004 trial:1
 -0.9999999999999064/x +1.0003470841903581/x**3
 -0.9999999999999937/x +1.0003401184347525/x**3
 -0.9999999999999812/x +1.0003330075838792/x**3
 -0.9999999999998223/x +1.0003257484379375/x**3
 -0.9999999999999594/x +1.0003183377435279/x**3
 -1.0000000000000193/x +1.0003107721286513/x**3
 -0.9999999999999759/x +1.00030304818642/x**3
 -1.0000000000001799/x +1.0002951624078276/x**3
 -1.0000000000000007/x +1.000287111214434/x**3
 -1.0000000000000007/x +1.0002788909302855/x**3
not converged... 1.0305849515704848	1.0408908010861897	mixing:0.07726380890861419; Iter:20  normAw:0.06361538228542213 trial:1
not converged... 1.0305849515704848	1.03110024404627	mixing:0.07726380890861419; Iter:30  normAw:0.011176105227968124 trial:2
not converged... 1.0305849515704848	1.030610716194274	mixing:0.07726380890861419; Iter:30  normAw:0.0005451114994945329 trial:3
not converged... 1.0305849515704848	1.0305862398016743	mixing:0.07726380890861419; Iter:30  normAw:2.712845035001317e-5 trial:4
not converged... 1.0305849515704848	1.0305850159820442	mixing:0.07726380890861419; Iter:30  normAw:1.2626922439712227e-6 trial:5
not converged... 1.0305849515704848	1.0305849547910628	mixing:0.07726380890861419; Iter:30  normAw:3.167877484588811e-8 trial:6
 -1.0000000000000007/x +1.0002788909302855/x**3
 -1.0000000000000453/x +1.0002712170619208/x**3
 -1.0000000000002212/x +1.0002633888670658/x**3
 -1.0/x +1.0002554030115984/x**3
 -0.9999999999999347/x +1.0002472560898141/x**3
 -0.9999999999999716/x +1.0002389446103435/x**3
 -1.0000000000000013/x +1.0002304650083316/x**3
 -1.0000000000001106/x +1.0002218136366128/x**3
 -1.0000000000000004/x +1.000212986749442/x**3
 -1.0000000000000004/x +1.0002039805380731/x**3
 -1.0000000000000007/x +1.000194829546327/x**3
not converged... 1.1339286150411612	1.1452679011915727	mixing:0.07094539377909372; Iter:20  normAw:0.0824359120287784 trial:1
 -0.9999999999999695/x +1.0001943673610576/x**3
 -0.999999999999986/x +1.0001858748778112/x**3
 -1.0000000000000095/x +1.0001772174484083/x**3
 -0.9999999999999988/x +1.0001683915838653/x**3
 -1.0000000000002918/x +1.000159393717485/x**3
 -1.0000000000000004/x +1.0001502201869/x**3
 -1.0000000000000453/x +1.0001408672681962/x**3
 -1.0000000000000004/x +1.0001313311358087/x**3
 -1.0000000000000002/x +1.0001216078851791/x**3
 -1.0000000000000056/x +1.0001116935184455/x**3
not converged... 1.2359000574486225	1.2482590580231088	mixing:0.06507860211422063; Iter:20  normAw:0.0756022714699 trial:1
 -0.9999999999999435/x +1.000111190063038/x**3
 -1.0000000000000147/x +1.0001019418819308/x**3
 -1.0000000000002833/x +1.0000925189827463/x**3
 -0.9999999999998517/x +1.0000829177241772/x**3
 -0.9999999999999974/x +1.000073134398483/x**3
 -0.999999999999966/x +1.0000631651954308/x**3
 -0.9999999999999503/x +1.00005300622229/x**3
 -1.0000000000000002/x +1.000042653509975/x**3
 -1.0000000000000067/x +1.000032102984748/x**3
 -1.0000000000000882/x +1.0000213504877444/x**3
not converged... 1.3470415436566636	1.3605119590932302	mixing:0.0596969616706685; Iter:20  normAw:0.06977080337668873 trial:1
 -0.9999999999993623/x +1.0000208046114918/x**3
 -0.9999999999999976/x +1.000010779668473/x**3
 -1.000000000000193/x +1.0000005699827668/x**3
 -1.00000000000002/x +0.9999901717475068/x**3
 -0.9999999999999761/x +0.999979581118199/x**3
 -0.9999999999999263/x +0.999968794113036/x**3
 -0.999999999999981/x +0.9999578066950092/x**3
 -1.0000000000000013/x +0.9999466147210145/x**3
 -1.0000000000000004/x +0.9999352139553624/x**3
 -1.0/x +0.9999236000685419/x**3
 -0.9999999999999851/x +0.9999118181063983/x**3
not converged... 1.4828594905348833	1.4976880854402321	mixing:0.054815113478942835; Iter:20  normAw:0.09396472939634973 trial:1
 -0.9999999999998909/x +0.999911223528868/x**3
 -0.9999999999999986/x +0.9999003066047829/x**3
 -0.9999999999999529/x +0.9998891934284275/x**3
 -1.0000000000000087/x +0.9998778800321186/x**3
 -1.000000000000274/x +0.9998663623661821/x**3
 -1.000000000000036/x +0.9998546362930254/x**3
 -1.000000000000002/x +0.9998426975743936/x**3
 -0.9999999999999982/x +0.9998305418831742/x**3
 -1.0000000000000069/x +0.9998181647932578/x**3
 -1.0000000000000009/x +0.9998055617788931/x**3
not converged... 1.6162094379052006	1.6323715322842525	mixing:0.05028220677792877; Iter:20  normAw:0.08779245826052431 trial:1
 -0.9999999999999709/x +0.9998049222562018/x**3
 -0.9999999999999356/x +0.9997931822933069/x**3
 -1.0000000000000222/x +0.9997812354568257/x**3
 -0.9999999999998939/x +0.9997690776156327/x**3
 -0.9999999999999952/x +0.9997567045596221/x**3
 -0.9999999999999545/x +0.9997441119776325/x**3
 -0.9999999999999553/x +0.9997312954655498/x**3
 -1.0000000000000007/x +0.9997182505188823/x**3
 -1.0000000000000004/x +0.9997049725348445/x**3
 -1.000000000000033/x +0.9996914568078741/x**3
not converged... 1.761551221708552	1.7791667339256376	mixing:0.04612414638947395; Iter:20  normAw:0.08242765071067595 trial:1
 -1.0000000000000038/x +0.9996907710948028/x**3
 -1.0000000000000087/x +0.999678185247089/x**3
 -0.9999999999999332/x +0.9996653815957637/x**3
 -0.9999999999999968/x +0.9996523558700373/x**3
 -1.0000000000000036/x +0.9996391036621802/x**3
 -0.9999999999999943/x +0.9996256204992477/x**3
 -1.0/x +0.9996119018016586/x**3
 -1.0000000000000002/x +0.9995979428859632/x**3
 -1.0000000000000087/x +0.9995837389674036/x**3
 -1.0000000000000135/x +0.9995692851547576/x**3
not converged... 1.9199632386287941	1.9391628710150821	mixing:0.042309934596813585; Iter:20  normAw:0.07774170857930511 trial:1
 -1.0000000000001803/x +0.9995685519676902/x**3
 -1.0000000000000249/x +0.9995550967186434/x**3
 -1.0000000000000453/x +0.9995414124365911/x**3
 -1.0000000000000149/x +0.9995274946786259/x**3
 -1.000000000000013/x +0.9995133388712176/x**3
 -1.0000000000003981/x +0.9994989403640918/x**3
 -0.9999999999998666/x +0.9994842943885935/x**3
 -1.0000000000000075/x +0.9994693960869614/x**3
 -1.0000000000000007/x +0.9994542404856438/x**3
 -0.9999999999999978/x +0.999438822503792/x**3
 -1.00000000000001/x +0.9994232024951726/x**3
not converged... 2.113547071570092	2.134682542285793	mixing:0.038849948159933125; Iter:20  normAw:0.10695848460968169 trial:1
 -0.9999999999999105/x +0.9994224147825763/x**3
 -1.000000000000033/x +0.9994079611200436/x**3
 -0.9999999999999974/x +0.9993932655452866/x**3
 -1.0000000000001552/x +0.999378323402799/x**3
 -1.0000000000002554/x +0.9993631299350444/x**3
 -1.0000000000000053/x +0.9993476802782091/x**3
 -1.0000000000000004/x +0.9993319694753766/x**3
 -1.0000000000000007/x +0.9993159924509302/x**3
 -1.0000000000000118/x +0.9992997440218201/x**3
 -0.9999999999998467/x +0.9992832188906746/x**3
not converged... 2.3036132191434517	2.3266493513348863	mixing:0.035637272327092614; Iter:20  normAw:0.10177770461907316 trial:1
 -1.000000000000067/x +0.9992823808746794/x**3
 -1.0000000000000042/x +0.9992670059861486/x**3
 -0.9999999999999691/x +0.9992513773113552/x**3
 -0.9999999999997743/x +0.9992354900141919/x**3
 -1.0000000000001943/x +0.9992193391664322/x**3
 -0.9999999999999681/x +0.9992029197198058/x**3
 -0.9999999999999982/x +0.9991862265230665/x**3
 -1.0000000000000058/x +0.9991692543158912/x**3
 -0.9999999999999877/x +0.9991519977230919/x**3
 -1.0000000000000027/x +0.9991344512538747/x**3
not converged... 2.510771553088863	2.5358792686197513	mixing:0.03269026701624168; Iter:20  normAw:0.09718897127085659 trial:1
 -1.0000000000000007/x +0.9991335615491252/x**3
 -1.000000000000018/x +0.9991172401552243/x**3
 -1.000000000000502/x +0.9991006528123737/x**3
 -1.0000000000000286/x +0.9990837944998093/x**3
 -1.0000000000007085/x +0.9990666601124732/x**3
 -0.9999999999999962/x +0.9990492444059494/x**3
 -0.9999999999999272/x +0.9990315420569458/x**3
 -1.00000000000003/x +0.9990135476095491/x**3
 -1.0000000000000104/x +0.9989952554944616/x**3
 -0.9999999999999386/x +0.998976660025756/x**3
not converged... 2.736559132155117	2.763924723476668	mixing:0.02998696274464175; Iter:20  normAw:0.09310910868256428 trial:1
 -1.000000000000137/x +0.9989757172375336/x**3
 -1.0000000000008504/x +0.9989584237646038/x**3
 -0.99999999999998/x +0.998940851886955/x**3
 -1.0000000000000318/x +0.9989229964314557/x**3
 -1.0000000000000306/x +0.9989048520891204/x**3
 -0.9999999999999959/x +0.9988864134511503/x**3
 -0.9999999999998349/x +0.9988676749887713/x**3
 -0.9999999999999649/x +0.9988486310632777/x**3
 -1.0000000000001474/x +0.9988292759124502/x**3
 -0.9999999999999115/x +0.9988096036511457/x**3
not converged... 2.9826512390458486	3.012477751436307	mixing:0.027507206784263005; Iter:20  normAw:0.08946856777581798 trial:1
 -1.0000000000000187/x +0.9988086063706472/x**3
 -0.9999999999998277/x +0.9987903151331563/x**3
 -1.0000000000001719/x +0.9987717328136083/x**3
 -1.0000000000001168/x +0.9987528540334425/x**3
 -1.0000000000000988/x +0.9987336733126972/x**3
 -0.9999999999998005/x +0.9987141850568181/x**3
 -0.9999999999999937/x +0.9986943835510916/x**3
 -0.9999999999999909/x +0.9986742629682465/x**3
 -0.9999999999999469/x +0.9986538173535676/x**3
 -0.9999999999999646/x +0.9986330406314653/x**3
 -0.9999999999999659/x +0.9986120147808012/x**3
not converged... 3.2833825486692407	3.316216374155933	mixing:0.025257745439144687; Iter:20  normAw:0.1253142773556286 trial:1
not converged... 3.2833825486692407	3.285024239943575	mixing:0.025257745439144687; Iter:20  normAw:0.004538901207823687 trial:2
not converged... 3.2833825486692407	3.283464633232957	mixing:0.025257745439144687; Iter:30  normAw:0.0015120164799619091 trial:3
not converged... 3.2833825486692407	3.2833866528974265	mixing:0.025257745439144687; Iter:30  normAw:7.540804576389453e-5 trial:4
not converged... 3.2833825486692407	3.28338275388065	mixing:0.025257745439144687; Iter:30  normAw:3.66706864195907e-6 trial:5
not converged... 3.2833825486692407	3.283382558929811	mixing:0.025257745439144687; Iter:30  normAw:8.051701099992654e-8 trial:6
 -0.9999999999999659/x +0.9986120147808012/x**3
 -0.9999999999992804/x +0.998592586406069/x**3
 -0.9999999999999885/x +0.9985728526050615/x**3
 -1.0000000000000107/x +0.9985528077969853/x**3
 -0.9999999999999429/x +0.9985324463042382/x**3
 -1.0000000000000038/x +0.9985117623309497/x**3
 -1.0000000000000406/x +0.9984907499586915/x**3
 -0.9999999999999887/x +0.998469403149912/x**3
 -1.000000000000065/x +0.9984477157433241/x**3
 -0.9999999999999838/x +0.9984256814494625/x**3
not converged... 3.576860725618558	3.612629332874744	mixing:0.023169069592517313; Iter:20  normAw:0.11907899927003482 trial:1
 -0.999999999999996/x +0.9984245646480614/x**3
 -1.0000000000000506/x +0.9984040851324075/x**3
 -0.9999999999999245/x +0.9983832870518943/x**3
 -1.0000000000000933/x +0.9983621646694184/x**3
 -0.9999999999999751/x +0.9983407121185403/x**3
 -0.9999999999999996/x +0.9983189234310949/x**3
 -0.999999999999788/x +0.9982967925046194/x**3
 -0.9999999999998609/x +0.9982743131227304/x**3
 -1.0000000000000757/x +0.9982514789371084/x**3
 -0.9999999999999811/x +0.9982282834692993/x**3
not converged... 3.898519111026429	3.937504302136693	mixing:0.021253115685890316; Iter:20  normAw:0.11536088315997907 trial:1
 -1.0000000000002705/x +0.9982271079227809/x**3
 -0.9999999999999927/x +0.9982055528841485/x**3
 -1.0000000000000406/x +0.9981836660068875/x**3
 -0.9999999999999821/x +0.9981614413745373/x**3
 -0.9999999999999446/x +0.9981388729563087/x**3
 -1.0000000000000804/x +0.9981159546020759/x**3
 -1.0000000000000009/x +0.9980926800345523/x**3
 -0.9999999999999469/x +0.9980690428562964/x**3
 -0.9999999999998931/x +0.998045036540522/x**3
 -0.9999999999998601/x +0.9980206544295727/x**3
not converged... 4.249103452695934	4.291594487222893	mixing:0.01949560057015481; Iter:20  normAw:0.11199773674361561 trial:1
 -1.0000000000000007/x +0.9980194188511815/x**3
 -1.0000000000001212/x +0.9979967648906993/x**3
 -1.000000000000052/x +0.9979737656967379/x**3
 -0.9999999999996297/x +0.9979504151873901/x**3
 -0.9999999999997911/x +0.9979267071688634/x**3
 -0.9999999999999957/x +0.9979026353122463/x**3
 -0.9999999999999712/x +0.9978781931727289/x**3
 -1.0000000000000488/x +0.9978533741791573/x**3
 -0.9999999999995572/x +0.9978281716236066/x**3
 -0.9999999999999641/x +0.9978025786845736/x**3
not converged... 4.631214991519921	4.67752714143512	mixing:0.017883422233632783; Iter:20  normAw:0.10894649604443996 trial:1
 -0.9999999999998723/x +0.9978012818555277/x**3
 -0.9999999999999639/x +0.9977775067770344/x**3
 -1.0000000000000075/x +0.9977533729968714/x**3
 -0.9999999999999506/x +0.9977288742714533/x**3
 -1.0/x +0.9977040042355949/x**3
 -1.000000000000015/x +0.997678756402165/x**3
 -1.0000000000001392/x +0.9976531241550738/x**3
 -0.9999999999999725/x +0.9976271007573856/x**3
 -1.0000000000000264/x +0.9976006793349106/x**3
 -0.9999999999998952/x +0.997573852880216/x**3
not converged... 5.047688891657984	5.098165780574564	mixing:0.01640456212854446; Iter:20  normAw:0.10616994632054398 trial:1
 -1.0000000000000353/x +0.9975724936625086/x**3
 -1.0000000000000755/x +0.9975475766887111/x**3
 -1.0000000000000329/x +0.9975222874997838/x**3
 -1.0000000000004223/x +0.9974966196956431/x**3
 -1.0000000000000133/x +0.9974705667458144/x**3
 -0.9999999999998421/x +0.9974441220065038/x**3
 -0.999999999999985/x +0.9974172787041194/x**3
 -0.999999999999797/x +0.9973900299258092/x**3
 -1.0000000000003497/x +0.9973623686457278/x**3
 -0.9999999999999095/x +0.9973342876799508/x**3
 -1.000000000000026/x +0.9973058987337404/x**3
not converged... 5.556631429453776	5.612197743748314	mixing:0.01506304357011111; Iter:20  normAw:0.15064207087754194 trial:1
 -1.00000000000021/x +0.9973044686763354/x**3
 -0.9999999999997783/x +0.99727825525881/x**3
 -1.000000000000005/x +0.9972516545386617/x**3
 -0.9999999999999839/x +0.9972246599341489/x**3
 -1.0000000000000109/x +0.9971972647507231/x**3
 -1.0000000000000768/x +0.9971694621647449/x**3
 -1.000000000000018/x +0.9971412452224407/x**3
 -1.000000000000039/x +0.9971126068438573/x**3
 -1.0000000000000302/x +0.9970835398119653/x**3
 -0.9999999999999981/x +0.9970540367761399/x**3
not converged... 6.05632577905573	6.116889036846287	mixing:0.013817413180914652; Iter:20  normAw:0.14731911370853185 trial:1
 -0.9999999999998687/x +0.9970525421939055/x**3
 -1.0000000000002074/x +0.9970251481899127/x**3
 -1.0000000000001463/x +0.9969973533463232/x**3
 -1.0000000000001097/x +0.9969691509458942/x**3
 -0.9999999999984837/x +0.9969405341291019/x**3
 -0.9999999999998797/x +0.9969114959489341/x**3
 -1.0000000000001086/x +0.9968820292708072/x**3
 -1.0000000000005003/x +0.9968521268721343/x**3
 -0.9999999999994919/x +0.9968217813619876/x**3
 -0.9999999999995924/x +0.9967909852505652/x**3
not converged... 6.600956426159903	6.666965990421502	mixing:0.012674789535293478; Iter:20  normAw:0.14426623853587897 trial:1
 -1.000000000000088/x +0.9967894252930881/x**3
 -0.9999999999998536/x +0.9967608349482917/x**3
 -1.0000000000002172/x +0.9967318302650847/x**3
 -0.9999999999999893/x +0.9967024043635833/x**3
 -0.9999999999999959/x +0.996672550250004/x**3
 -0.99999999999946/x +0.9966422607938188/x**3
 -0.9999999999998405/x +0.9966115287447999/x**3
 -1.0000000000000016/x +0.9965803467024595/x**3
 -1.0000000000025449/x +0.9965487071571726/x**3
 -1.0000000000000338/x +0.9965166023978376/x**3
not converged... 7.1945643827065275	7.2665100265335925	mixing:0.011626654545286658; Iter:20  normAw:0.14145250105180873 trial:1
 -0.9999999999999298/x +0.9965149762711205/x**3
 -0.9999999999999011/x +0.996485175392756/x**3
 -0.9999999999999771/x +0.9964549466760488/x**3
 -1.000000000000452/x +0.99642428310582/x**3
 -0.9999999999999157/x +0.9963931775238506/x**3
 -1.0000000000002236/x +0.9963616226664304/x**3
 -0.9999999999999653/x +0.9963296111120179/x**3
 -0.9999999999999777/x +0.9962971353209514/x**3
 -1.0000000000000782/x +0.9962641876110473/x**3
 -1.000000000000032/x +0.996230760154379/x**3
not converged... 7.841554059011065	7.919969599601176	mixing:0.010665194521693875; Iter:20  normAw:0.13885077612278066 trial:1
 -0.9999999999998608/x +0.9962290671554727/x**3
 -0.9999999999998272/x +0.9961980428780345/x**3
 -0.999999999999954/x +0.9961665772685487/x**3
 -0.9999999999998913/x +0.996134663157735/x**3
 -1.0000000000010216/x +0.99610229325927/x**3
 -1.0000000000000253/x +0.9960694601171273/x**3
 -0.9999999999998205/x +0.9960361561915876/x**3
 -0.9999999999995397/x +0.9960023737746799/x**3
 -0.9999999999989888/x +0.9959681050197727/x**3
 -0.9999999999996385/x +0.9959333419605819/x**3
not converged... 8.54672594329623	8.632193202729193	mixing:0.00978324192419399; Iter:20  normAw:0.13643688349731958 trial:1
 -0.9999999999996267/x +0.9959315814407594/x**3
 -1.0000000000000187/x +0.995899321957346/x**3
 -0.9999999999998457/x +0.9958666076181848/x**3
 -0.9999999999994605/x +0.9958334311038675/x**3
 -0.9999999999998519/x +0.9957997849772179/x**3
 -1.0000000000000577/x +0.9957656616425679/x**3
 -0.9999999999999774/x +0.9957310533801804/x**3
 -1.0000000000003173/x +0.9956959523331772/x**3
 -1.000000000000144/x +0.995660350491244/x**3
 -1.0000000000000222/x +0.9956242397095937/x**3
not converged... 9.315312220014855	9.408465342215003	mixing:0.00897422192840658; Iter:20  normAw:0.13418947093194067 trial:1
 -0.9999999999999998/x +0.9956224110605135/x**3
 -0.9999999999995796/x +0.9955889052362474/x**3
 -1.00000000000016/x +0.9955549309854872/x**3
 -1.0000000000003724/x +0.9955204808247387/x**3
 -1.000000000000321/x +0.9954855471450352/x**3
 -1.0000000000000624/x +0.995450122203038/x**3
 -1.000000000001708/x +0.9954141981319373/x**3
 -1.0000000000003102/x +0.9953777668608679/x**3
 -1.0000000000001923/x +0.995340820252351/x**3
 -1.0000000000000226/x +0.9953033499817291/x**3
 -0.9999999999996583/x +0.9952655061278867/x**3
not converged... 10.254545747154296	10.357091204625839	mixing:0.008240335514973541; Iter:20  normAw:0.19181308658004398 trial:1
not converged... 10.254545747154296	10.259673020027874	mixing:0.008240335514973541; Iter:20  normAw:0.00695048893807497 trial:2
not converged... 10.254545747154296	10.254802110797975	mixing:0.008240335514973541; Iter:30  normAw:0.0028899397158190423 trial:3
not converged... 10.254545747154296	10.254558565336481	mixing:0.008240335514973541; Iter:30  normAw:0.00014432790591725641 trial:4
not converged... 10.254545747154296	10.254546388063405	mixing:0.008240335514973541; Iter:30  normAw:7.231384825843888e-6 trial:5
not converged... 10.254545747154296	10.254545779199752	mixing:0.008240335514973541; Iter:20  normAw:4.4765469902206395e-8 trial:6
 -0.9999999999996583/x +0.9952655061278867/x**3
 -1.0000000000009799/x +0.9952306044666722/x**3
 -0.9999999999993454/x +0.9951952191459026/x**3
 -0.9999999999998622/x +0.9951593425531244/x**3
 -1.000000000000067/x +0.9951229668745858/x**3
 -1.0000000000002285/x +0.9950860841846764/x**3
 -1.0000000000000304/x +0.9950486863953394/x**3
 -0.9999999999994155/x +0.9950107652929101/x**3
 -1.000000000000016/x +0.9949723125224145/x**3
 -1.0000000000000215/x +0.9949333195290188/x**3
not converged... 11.171126543546107	11.282837808981569	mixing:0.007558905345376671; Iter:20  normAw:0.18580733781187192 trial:1
 -0.9999999999997757/x +0.9949313451746848/x**3
 -1.000000000000041/x +0.9948951739450106/x**3
 -0.9999999999992997/x +0.9948585051966219/x**3
 -1.0000000000003526/x +0.9948213311238018/x**3
 -0.9999999999992398/x +0.9947836437275378/x**3
 -1.0000000000000122/x +0.9947454349228799/x**3
 -0.999999999999982/x +0.9947066964393456/x**3
 -1.0000000000003153/x +0.9946674198739424/x**3
 -0.9999999999991153/x +0.994627596652257/x**3
 -0.9999999999983689/x +0.9945872180670273/x**3
not converged... 12.175718783173403	12.297475971005138	mixing:0.00693382568179901; Iter:20  normAw:0.18318872105864203 trial:1
 -0.9999999999997018/x +0.9945851736823379/x**3
 -1.0000000000004223/x +0.9945477209617978/x**3
 -0.9999999999998886/x +0.9945097566151678/x**3
 -1.00000000000011/x +0.9944712726438684/x**3
 -1.000000000000357/x +0.9944322608834031/x**3
 -0.9999999999999374/x +0.9943927130354083/x**3
 -0.999999999999731/x +0.9943526206503734/x**3
 -0.9999999999999525/x +0.9943119751276054/x**3
 -0.9999999999999895/x +0.9942707676955126/x**3
 -0.9999999999995989/x +0.994228989428827/x**3
not converged... 13.270651559539353	13.403358075134745	mixing:0.006360436649068756; Iter:20  normAw:0.1807116151976798 trial:1
 -1.0000000000003544/x +0.9942268742679412/x**3
 -1.0000000000004527/x +0.994188126856154/x**3
 -0.999999999999851/x +0.9941488534090627/x**3
 -1.0000000000000533/x +0.9941090457429976/x**3
 -0.9999999999995802/x +0.9940686954876692/x**3
 -0.9999999999997504/x +0.9940277941623208/x**3
 -0.9999999999998971/x +0.993986333093357/x**3
 -1.0000000000001823/x +0.9939443034639084/x**3
 -0.999999999998941/x +0.9939016962820917/x**3
 -0.9999999999999083/x +0.9938585024469613/x**3
not converged... 14.464048977386451	14.608689467160316	mixing:0.0058344637179169375; Iter:20  normAw:0.1783587386438682 trial:1
 -0.999999999999785/x +0.9938563157043913/x**3
 -1.0000000000005431/x +0.9938162586958668/x**3
 -0.99999999999984/x +0.9937756608940391/x**3
 -1.0000000000009923/x +0.9937345139129797/x**3
 -0.9999999999997863/x +0.9936928091562172/x**3
 -0.9999999999999687/x +0.993650537938402/x**3
 -1.0000000000001803/x +0.9936076913717679/x**3
 -0.9999999999996951/x +0.9935642604034468/x**3
 -1.0000000000000493/x +0.993520235844654/x**3
 -0.9999999999997825/x +0.9934756082993557/x**3
not converged... 15.76476572243722	15.922413379661592	mixing:0.005351985839002598; Iter:20  normAw:0.17611482721412902 trial:1
 -1.000000000000939/x +0.9934733490711347/x**3
 -1.0000000000003315/x +0.9934319654702115/x**3
 -1.000000000000211/x +0.9933900259176556/x**3
 -0.9999999999998488/x +0.9933475217817391/x**3
 -0.9999999999988435/x +0.9933044442714972/x**3
 -0.9999999999999114/x +0.9932607844699584/x**3
 -0.9999999999997262/x +0.9932165332357806/x**3
 -1.000000000000596/x +0.9931716813102583/x**3
 -1.0000000000001146/x +0.9931262192253472/x**3
 -1.0000000000003926/x +0.993080137374567/x**3
not converged... 17.182452760764825	17.354277288372472	mixing:0.004909406212077869; Iter:20  normAw:0.1739659046078313 trial:1
 -0.9999999999998814/x +0.9930778045814981/x**3
 -1.0000000000010347/x +0.9930350750754062/x**3
 -0.9999999999990163/x +0.992991773960417/x**3
 -1.00000000000002/x +0.9929478924321703/x**3
 -1.0000000000027993/x +0.9929034214605074/x**3
 -0.9999999999999896/x +0.9928583518006678/x**3
 -1.000000000000392/x +0.9928126741727872/x**3
 -1.0000000000001648/x +0.9927663790173117/x**3
 -1.0000000000006708/x +0.9927194566447907/x**3
 -0.9999999999999791/x +0.9926718971471865/x**3
not converged... 18.727628946348297	18.91490523581178	mixing:0.004503425472381386; Iter:20  normAw:0.17190021210532463 trial:1
 -0.9999999999989058/x +0.9926694896169838/x**3
 -1.0000000000002218/x +0.9926253923615597/x**3
 -1.0000000000005782/x +0.9925807073979848/x**3
 -0.9999999999994285/x +0.9925354256196279/x**3
 -1.0000000000000173/x +0.9924895378017996/x**3
 -1.0000000000000546/x +0.9924430344816948/x**3
 -1.0000000000018205/x +0.9923959060796843/x**3
 -1.00000000000125/x +0.9923481427725017/x**3
 -1.000000000001134/x +0.9922997346189556/x**3
 -0.9999999999993203/x +0.992250671435938/x**3
 -0.9999999999997068/x +0.9922011503454637/x**3
not converged... 20.615876658802254	20.822035425390276	mixing:0.004135148111463058; Iter:20  normAw:0.24636213297018345 trial:1
not converged... 20.615876658802254	20.626184597131655	mixing:0.004135148111463058; Iter:20  normAw:0.008936383058512194 trial:2
not converged... 20.615876658802254	20.616392055718723	mixing:0.004135148111463058; Iter:30  normAw:0.0042376366176216426 trial:3
not converged... 20.615876658802254	20.615902428648077	mixing:0.004135148111463058; Iter:30  normAw:0.0002120206833832768 trial:4
not converged... 20.615876658802254	20.615877947294546	mixing:0.004135148111463058; Iter:20  normAw:1.1374782036538513e-6 trial:5
not converged... 20.615876658802254	20.61587672322687	mixing:0.004135148111463058; Iter:20  normAw:9.468310963060538e-8 trial:6
 -0.9999999999997068/x +0.9922011503454637/x**3
 -0.9999999999997989/x +0.9921555066085362/x**3
 -1.000000000003297/x +0.992109256724481/x**3
 -1.0000000000000524/x +0.9920623912266767/x**3
 -0.9999999999999393/x +0.9920149006594162/x**3
 -0.9999999999992697/x +0.9919667752739576/x**3
 -0.9999999999992375/x +0.9919180051776251/x**3
 -1.0000000000001756/x +0.9918685802919734/x**3
 -1.0000000000011773/x +0.991818490344253/x**3
 -0.9999999999996382/x +0.9917677248398139/x**3
not converged... 22.458583016759068	22.68316884692666	mixing:0.0037931942342474775; Iter:20  normAw:0.239506113420751 trial:1
 -0.9999999999993929/x +0.9917651551454827/x**3
 -1.0000000000004978/x +0.9917180895299325/x**3
 -0.9999999999991588/x +0.9916704005306812/x**3
 -1.0000000000004448/x +0.9916220785550801/x**3
 -0.9999999999996413/x +0.9915731137574548/x**3
 -1.0000000000001514/x +0.9915234961950495/x**3
 -0.9999999999997845/x +0.9914732156731862/x**3
 -1.0000000000000482/x +0.9914222618512275/x**3
 -1.000000000000367/x +0.9913706241797928/x**3
 -1.0000000000014233/x +0.9913182919224099/x**3
not converged... 24.478228763650737	24.723011051287244	mixing:0.003479518051322609; Iter:20  normAw:0.23685484919816996 trial:1
 -1.0000000000005678/x +0.9913156429586671/x**3
 -0.9999999999990559/x +0.9912671264095788/x**3
 -1.00000000000164/x +0.9912179688573457/x**3
 -1.0000000000000893/x +0.9911681603357736/x**3
 -1.0000000000007687/x +0.9911176908365544/x**3
 -1.0000000000010385/x +0.9910665500944057/x**3
 -0.9999999999985353/x +0.9910147276391258/x**3
 -1.0000000000003593/x +0.9909622129059944/x**3
 -0.9999999999998901/x +0.99090899501268/x**3
 -1.0000000000008238/x +0.9908550629726783/x**3
not converged... 26.679496340374406	26.94629130377815	mixing:0.0031917811537752103; Iter:20  normAw:0.23427019065320182 trial:1
 -0.9999999999999567/x +0.9908523330773912/x**3
 -0.9999999999994457/x +0.9908023349750618/x**3
 -1.0000000000002034/x +0.9907516777144121/x**3
 -0.9999999999999643/x +0.9907003511289703/x**3
 -1.0000000000007079/x +0.9906483449152685/x**3
 -0.9999999999998461/x +0.9905956485232932/x**3
 -1.000000000000592/x +0.9905422512813464/x**3
 -1.0000000000004925/x +0.990488142254563/x**3
 -0.9999999999997935/x +0.990433310339062/x**3
 -1.000000000000089/x +0.9903777442586787/x**3
not converged... 29.078718556345926	29.369505741909386	mixing:0.0029278385061753663; Iter:20  normAw:0.23174402965519839 trial:1
 -1.0000000000000775/x +0.9903749317063077/x**3
 -1.000000000000221/x +0.9903234203081207/x**3
 -0.9999999999998701/x +0.9902712312125076/x**3
 -0.9999999999999077/x +0.9902183540311488/x**3
 -0.9999999999993654/x +0.9901647781608557/x**3
 -1.000000000001353/x +0.9901104928523453/x**3
 -0.9999999999996692/x +0.9900554870632973/x**3
 -1.0000000000005733/x +0.9899997496891683/x**3
 -1.0000000000000846/x +0.9899432693074469/x**3
 -1.0000000000002292/x +0.9898860343456546/x**3
not converged... 31.693696990807233	32.0106339607153	mixing:0.002685722455658977; Iter:20  normAw:0.22926988139970825 trial:1
 -1.0000000000020168/x +0.9898831373843915/x**3
 -1.00000000000149/x +0.9898300804816025/x**3
 -1.0000000000011817/x +0.9897763270341481/x**3
 -1.0000000000012537/x +0.9897218663915199/x**3
 -1.0000000000011746/x +0.9896666877024738/x**3
 -0.9999999999993582/x +0.9896107799078658/x**3
 -0.9999999999992545/x +0.9895541318177179/x**3
 -1.0000000000002525/x +0.9894967319758583/x**3
 -0.9999999999985886/x +0.9894385686955098/x**3
 -0.9999999999989501/x +0.9893796301773361/x**3
not converged... 34.54383407572446	34.88927241648171	mixing:0.0024636280633706683; Iter:20  normAw:0.22684228939978193 trial:1
 -1.00000000000009/x +0.9893766470367893/x**3
 -1.0000000000017615/x +0.9893220126561862/x**3
 -0.9999999999993993/x +0.9892666625827166/x**3
 -1.0000000000013962/x +0.9892105860079401/x**3
 -1.0000000000005154/x +0.9891537717483626/x**3
 -1.00000000000018/x +0.9890962085603128/x**3
 -1.0000000000003977/x +0.9890378849521357/x**3
 -1.0000000000001175/x +0.9889787892086576/x**3
 -1.0000000000009523/x +0.9889189094600092/x**3
